2020-09-03 00:09:41,410 [Worker-1: Loading available Gradle versions] INFO  o.e.b.c.i.u.g.PublishedGradleVersions - Gradle version information cache is out-of-date. Trying to update.
2020-09-03 00:13:08,475 [Worker-11: Importing Maven projects] INFO  o.e.m.c.i.l.LifecycleMappingFactory - Using org.maven.ide.eclipse.wtp.WarLifecycleMapping lifecycle mapping for MavenProject: com.sandeep.lms.applyleaves.client:ApplyLeavesClient:0.0.1-SNAPSHOT @ C:\LMS\lms_wrkspc_sandeep\Leave_Management_System\ApplyLeavesClient\pom.xml.
2020-09-03 00:13:09,731 [Worker-11: Importing Maven projects] INFO  o.e.m.j.i.AbstractJavaProjectConfigurator - Adding source folder /ApplyLeavesClient/src/main/java
2020-09-03 00:13:09,732 [Worker-11: Importing Maven projects] INFO  o.e.m.j.i.AbstractJavaProjectConfigurator - Adding source folder /ApplyLeavesClient/src/test/java
2020-09-03 00:13:11,940 [Worker-11: Importing Maven projects] INFO  o.e.m.c.i.p.ProjectConfigurationManager - Imported and configured 1 project(s) in 5 sec
2020-09-03 00:13:13,320 [Worker-11: Building workspace] WARN  o.e.m.c.i.embedder.EclipseLogger - Using platform encoding (Cp1252 actually) to copy filtered resources, i.e. build is platform dependent!
2020-09-03 00:13:13,322 [Worker-11: Building workspace] INFO  o.e.m.c.i.embedder.EclipseLogger - skip non existing resourceDirectory C:\LMS\lms_wrkspc_sandeep\Leave_Management_System\ApplyLeavesClient\src\main\resources
2020-09-03 00:13:13,324 [Worker-11: Building workspace] WARN  o.e.m.c.i.embedder.EclipseLogger - Using platform encoding (Cp1252 actually) to copy filtered resources, i.e. build is platform dependent!
2020-09-03 00:13:13,325 [Worker-11: Building workspace] INFO  o.e.m.c.i.embedder.EclipseLogger - skip non existing resourceDirectory C:\LMS\lms_wrkspc_sandeep\Leave_Management_System\ApplyLeavesClient\src\test\resources
2020-09-03 00:13:36,467 [Worker-13: Importing Maven projects] INFO  o.e.m.c.i.l.LifecycleMappingFactory - Using org.maven.ide.eclipse.wtp.WarLifecycleMapping lifecycle mapping for MavenProject: com.sandeep.lms.ems:EmpMngSys:0.0.1-SNAPSHOT @ C:\LMS\lms_wrkspc_sandeep\Leave_Management_System\EmpMngSys\pom.xml.
2020-09-03 00:13:36,787 [Worker-13: Importing Maven projects] INFO  o.e.m.j.i.AbstractJavaProjectConfigurator - Adding source folder /EmpMngSys/src/main/java
2020-09-03 00:13:36,787 [Worker-13: Importing Maven projects] INFO  o.e.m.j.i.AbstractJavaProjectConfigurator - Adding resource folder /EmpMngSys/src/main/resources
2020-09-03 00:13:36,788 [Worker-13: Importing Maven projects] INFO  o.e.m.j.i.AbstractJavaProjectConfigurator - Adding source folder /EmpMngSys/src/test/java
2020-09-03 00:13:37,246 [Worker-13: Importing Maven projects] INFO  o.e.m.c.i.p.ProjectConfigurationManager - Imported and configured 1 project(s) in 1 sec
2020-09-03 00:13:37,923 [Worker-12: Building workspace] WARN  o.e.m.c.i.embedder.EclipseLogger - Using platform encoding (Cp1252 actually) to copy filtered resources, i.e. build is platform dependent!
2020-09-03 00:13:37,935 [Worker-12: Building workspace] INFO  o.e.m.c.i.embedder.EclipseLogger - Copying 2 resources
2020-09-03 00:13:37,958 [Worker-12: Building workspace] WARN  o.e.m.c.i.embedder.EclipseLogger - Using platform encoding (Cp1252 actually) to copy filtered resources, i.e. build is platform dependent!
2020-09-03 00:13:37,959 [Worker-12: Building workspace] INFO  o.e.m.c.i.embedder.EclipseLogger - skip non existing resourceDirectory C:\LMS\lms_wrkspc_sandeep\Leave_Management_System\EmpMngSys\src\test\resources
2020-09-03 00:13:38,322 [Worker-8: Building workspace] WARN  o.e.m.c.i.embedder.EclipseLogger - Using platform encoding (Cp1252 actually) to copy filtered resources, i.e. build is platform dependent!
2020-09-03 00:13:38,329 [Worker-8: Building workspace] INFO  o.e.m.c.i.embedder.EclipseLogger - Copying 0 resource
2020-09-03 00:13:38,331 [Worker-8: Building workspace] WARN  o.e.m.c.i.embedder.EclipseLogger - Using platform encoding (Cp1252 actually) to copy filtered resources, i.e. build is platform dependent!
2020-09-03 00:13:38,333 [Worker-8: Building workspace] INFO  o.e.m.c.i.embedder.EclipseLogger - skip non existing resourceDirectory C:\LMS\lms_wrkspc_sandeep\Leave_Management_System\EmpMngSys\src\test\resources
2020-09-03 00:13:52,453 [Worker-15: Importing Maven projects] INFO  o.e.m.c.i.l.LifecycleMappingFactory - Using org.maven.ide.eclipse.wtp.WarLifecycleMapping lifecycle mapping for MavenProject: com.sandeep.lms.admin:LMSAdmin:0.0.1-SNAPSHOT @ C:\LMS\lms_wrkspc_sandeep\Leave_Management_System\LMSAdmin\pom.xml.
2020-09-03 00:13:52,557 [Worker-15: Importing Maven projects] INFO  o.e.m.j.i.AbstractJavaProjectConfigurator - Adding source folder /LMSAdmin/src/main/java
2020-09-03 00:13:52,557 [Worker-15: Importing Maven projects] INFO  o.e.m.j.i.AbstractJavaProjectConfigurator - Adding source folder /LMSAdmin/src/test/java
2020-09-03 00:13:52,640 [Worker-15: Importing Maven projects] INFO  o.e.m.c.i.p.ProjectConfigurationManager - Imported and configured 1 project(s) in 0 sec
2020-09-03 00:13:52,956 [Worker-12: Building workspace] WARN  o.e.m.c.i.embedder.EclipseLogger - Using platform encoding (Cp1252 actually) to copy filtered resources, i.e. build is platform dependent!
2020-09-03 00:13:52,957 [Worker-12: Building workspace] INFO  o.e.m.c.i.embedder.EclipseLogger - skip non existing resourceDirectory C:\LMS\lms_wrkspc_sandeep\Leave_Management_System\LMSAdmin\src\main\resources
2020-09-03 00:13:52,958 [Worker-12: Building workspace] WARN  o.e.m.c.i.embedder.EclipseLogger - Using platform encoding (Cp1252 actually) to copy filtered resources, i.e. build is platform dependent!
2020-09-03 00:13:52,959 [Worker-12: Building workspace] INFO  o.e.m.c.i.embedder.EclipseLogger - skip non existing resourceDirectory C:\LMS\lms_wrkspc_sandeep\Leave_Management_System\LMSAdmin\src\test\resources
2020-09-03 00:14:15,690 [Worker-12: Importing Maven projects] INFO  o.e.m.c.i.l.LifecycleMappingFactory - Using org.eclipse.m2e.jdt.JarLifecycleMapping lifecycle mapping for MavenProject: com.sandeep.lms.core:LMSCore:0.0.1-SNAPSHOT @ C:\LMS\lms_wrkspc_sandeep\Leave_Management_System\LMSCore\pom.xml.
2020-09-03 00:14:17,685 [Worker-12: Importing Maven projects] INFO  o.e.m.j.i.AbstractJavaProjectConfigurator - Adding source folder /LMSCore/src/main/java
2020-09-03 00:14:17,685 [Worker-12: Importing Maven projects] INFO  o.e.m.j.i.AbstractJavaProjectConfigurator - Adding resource folder /LMSCore/src/main/resources
2020-09-03 00:14:17,691 [Worker-12: Importing Maven projects] INFO  o.e.m.j.i.AbstractJavaProjectConfigurator - Adding resource folder /LMSCore/src/main/resources
2020-09-03 00:14:17,691 [Worker-12: Importing Maven projects] INFO  o.e.m.j.i.AbstractJavaProjectConfigurator - Adding source folder /LMSCore/src/test/java
2020-09-03 00:14:18,190 [Worker-12: Importing Maven projects] INFO  o.e.m.c.i.p.ProjectConfigurationManager - Imported and configured 1 project(s) in 3 sec
2020-09-03 00:14:19,336 [Worker-15: Building workspace] INFO  o.e.m.c.i.embedder.EclipseLogger - Using 'UTF-8' encoding to copy filtered resources.
2020-09-03 00:14:19,336 [Worker-15: Building workspace] INFO  o.e.m.c.i.embedder.EclipseLogger - Copying 1 resource
2020-09-03 00:14:19,348 [Worker-15: Building workspace] INFO  o.e.m.c.i.embedder.EclipseLogger - Copying 1 resource
2020-09-03 00:14:19,355 [Worker-15: Building workspace] INFO  o.e.m.c.i.embedder.EclipseLogger - Using 'UTF-8' encoding to copy filtered resources.
2020-09-03 00:14:19,355 [Worker-15: Building workspace] INFO  o.e.m.c.i.embedder.EclipseLogger - skip non existing resourceDirectory C:\LMS\lms_wrkspc_sandeep\Leave_Management_System\LMSCore\src\test\resources
2020-09-03 00:14:20,541 [Worker-11: Building workspace] INFO  o.e.m.c.i.embedder.EclipseLogger - Using 'UTF-8' encoding to copy filtered resources.
2020-09-03 00:14:20,542 [Worker-11: Building workspace] INFO  o.e.m.c.i.embedder.EclipseLogger - Copying 0 resource
2020-09-03 00:14:20,542 [Worker-11: Building workspace] INFO  o.e.m.c.i.embedder.EclipseLogger - Copying 0 resource
2020-09-03 00:14:20,543 [Worker-11: Building workspace] INFO  o.e.m.c.i.embedder.EclipseLogger - Using 'UTF-8' encoding to copy filtered resources.
2020-09-03 00:14:20,544 [Worker-11: Building workspace] INFO  o.e.m.c.i.embedder.EclipseLogger - skip non existing resourceDirectory C:\LMS\lms_wrkspc_sandeep\Leave_Management_System\LMSCore\src\test\resources
2020-09-03 00:14:32,984 [Worker-12: Importing Maven projects] INFO  o.e.m.c.i.l.LifecycleMappingFactory - Using NULL lifecycle mapping for MavenProject: com.sandeep.lms.dto:LmsDependency:0.0.1-SNAPSHOT @ C:\LMS\lms_wrkspc_sandeep\Leave_Management_System\LmsDependency\pom.xml.
2020-09-03 00:14:33,107 [Worker-12: Importing Maven projects] INFO  o.e.m.c.i.p.ProjectConfigurationManager - Imported and configured 1 project(s) in 0 sec
2020-09-03 00:14:52,358 [Worker-13: Importing Maven projects] INFO  o.e.m.c.i.l.LifecycleMappingFactory - Using org.eclipse.m2e.jdt.JarLifecycleMapping lifecycle mapping for MavenProject: com.sandeep.lms.dto.library:LmsDtoLibrary:0.0.1-SNAPSHOT @ C:\LMS\lms_wrkspc_sandeep\Leave_Management_System\LmsDtoLibrary\pom.xml.
2020-09-03 00:14:52,452 [Worker-13: Importing Maven projects] INFO  o.e.m.c.i.l.LifecycleMappingFactory - Using org.maven.ide.eclipse.wtp.WarLifecycleMapping lifecycle mapping for MavenProject: com.sandeep.lms.applyleaves.client:ApplyLeavesClient:0.0.1-SNAPSHOT @ C:\LMS\lms_wrkspc_sandeep\Leave_Management_System\ApplyLeavesClient\pom.xml.
2020-09-03 00:14:52,509 [Worker-13: Importing Maven projects] INFO  o.e.m.c.i.p.WorkspaceClassifierResolverManager - Resolving P/LmsDtoLibrary: com.sandeep.lms.dto.library:LmsDtoLibrary:0.0.1-SNAPSHOT with classifier  to /LmsDtoLibrary/target/classes
2020-09-03 00:14:52,818 [Worker-13: Importing Maven projects] INFO  o.e.m.c.i.l.LifecycleMappingFactory - Using org.eclipse.m2e.jdt.JarLifecycleMapping lifecycle mapping for MavenProject: com.sandeep.lms.core:LMSCore:0.0.1-SNAPSHOT @ C:\LMS\lms_wrkspc_sandeep\Leave_Management_System\LMSCore\pom.xml.
2020-09-03 00:14:53,136 [Worker-13: Importing Maven projects] INFO  o.e.m.c.i.p.WorkspaceClassifierResolverManager - Resolving P/LmsDtoLibrary: com.sandeep.lms.dto.library:LmsDtoLibrary:0.0.1-SNAPSHOT with classifier  to /LmsDtoLibrary/target/classes
2020-09-03 00:14:53,702 [Worker-13: Importing Maven projects] INFO  o.e.m.j.i.AbstractJavaProjectConfigurator - Adding source folder /LmsDtoLibrary/src/main/java
2020-09-03 00:14:53,703 [Worker-13: Importing Maven projects] INFO  o.e.m.j.i.AbstractJavaProjectConfigurator - Adding source folder /LmsDtoLibrary/src/test/java
2020-09-03 00:14:53,778 [Worker-13: Importing Maven projects] INFO  o.e.m.c.i.p.ProjectConfigurationManager - Imported and configured 1 project(s) in 1 sec
2020-09-03 00:14:54,284 [Worker-15: Building workspace] WARN  o.e.m.c.i.embedder.EclipseLogger - Using platform encoding (Cp1252 actually) to copy filtered resources, i.e. build is platform dependent!
2020-09-03 00:14:54,285 [Worker-15: Building workspace] INFO  o.e.m.c.i.embedder.EclipseLogger - skip non existing resourceDirectory C:\LMS\lms_wrkspc_sandeep\Leave_Management_System\LmsDtoLibrary\src\main\resources
2020-09-03 00:14:54,285 [Worker-15: Building workspace] WARN  o.e.m.c.i.embedder.EclipseLogger - Using platform encoding (Cp1252 actually) to copy filtered resources, i.e. build is platform dependent!
2020-09-03 00:14:54,286 [Worker-15: Building workspace] INFO  o.e.m.c.i.embedder.EclipseLogger - skip non existing resourceDirectory C:\LMS\lms_wrkspc_sandeep\Leave_Management_System\LmsDtoLibrary\src\test\resources
2020-09-03 00:14:55,286 [Worker-15: Building workspace] INFO  o.e.m.c.i.p.WorkspaceClassifierResolverManager - Resolving P/LmsDtoLibrary: com.sandeep.lms.dto.library:LmsDtoLibrary:0.0.1-SNAPSHOT with classifier  to /LmsDtoLibrary/target/classes
2020-09-03 00:14:55,290 [Worker-15: Building workspace] INFO  o.e.m.c.i.embedder.EclipseLogger - Using 'UTF-8' encoding to copy filtered resources.
2020-09-03 00:14:55,292 [Worker-15: Building workspace] INFO  o.e.m.c.i.embedder.EclipseLogger - Copying 1 resource
2020-09-03 00:14:55,295 [Worker-15: Building workspace] INFO  o.e.m.c.i.embedder.EclipseLogger - Copying 1 resource
2020-09-03 00:14:55,301 [Worker-15: Building workspace] INFO  o.e.m.c.i.embedder.EclipseLogger - Using 'UTF-8' encoding to copy filtered resources.
2020-09-03 00:14:55,301 [Worker-15: Building workspace] INFO  o.e.m.c.i.embedder.EclipseLogger - skip non existing resourceDirectory C:\LMS\lms_wrkspc_sandeep\Leave_Management_System\LMSCore\src\test\resources
2020-09-03 00:14:55,852 [Worker-15: Building workspace] INFO  o.e.m.c.i.p.WorkspaceClassifierResolverManager - Resolving P/LmsDtoLibrary: com.sandeep.lms.dto.library:LmsDtoLibrary:0.0.1-SNAPSHOT with classifier  to /LmsDtoLibrary/target/classes
2020-09-03 00:14:55,856 [Worker-15: Building workspace] WARN  o.e.m.c.i.embedder.EclipseLogger - Using platform encoding (Cp1252 actually) to copy filtered resources, i.e. build is platform dependent!
2020-09-03 00:14:55,857 [Worker-15: Building workspace] INFO  o.e.m.c.i.embedder.EclipseLogger - skip non existing resourceDirectory C:\LMS\lms_wrkspc_sandeep\Leave_Management_System\ApplyLeavesClient\src\main\resources
2020-09-03 00:14:55,857 [Worker-15: Building workspace] WARN  o.e.m.c.i.embedder.EclipseLogger - Using platform encoding (Cp1252 actually) to copy filtered resources, i.e. build is platform dependent!
2020-09-03 00:14:55,858 [Worker-15: Building workspace] INFO  o.e.m.c.i.embedder.EclipseLogger - skip non existing resourceDirectory C:\LMS\lms_wrkspc_sandeep\Leave_Management_System\ApplyLeavesClient\src\test\resources
2020-09-03 00:15:19,991 [Worker-12: Updating Maven Project] INFO  o.e.m.c.i.p.ProjectConfigurationManager - Update started
2020-09-03 00:15:20,206 [Worker-12: Updating Maven Project] INFO  o.e.m.c.i.l.LifecycleMappingFactory - Using org.maven.ide.eclipse.wtp.WarLifecycleMapping lifecycle mapping for MavenProject: com.sandeep.lms.ems:EmpMngSys:0.0.1-SNAPSHOT @ C:\LMS\lms_wrkspc_sandeep\Leave_Management_System\EmpMngSys\pom.xml.
2020-09-03 00:15:20,447 [Worker-12: Updating Maven Project] INFO  o.e.m.j.i.AbstractJavaProjectConfigurator - Adding source folder /EmpMngSys/src/main/java
2020-09-03 00:15:20,447 [Worker-12: Updating Maven Project] INFO  o.e.m.j.i.AbstractJavaProjectConfigurator - Adding resource folder /EmpMngSys/src/main/resources
2020-09-03 00:15:20,448 [Worker-12: Updating Maven Project] INFO  o.e.m.j.i.AbstractJavaProjectConfigurator - Adding source folder /EmpMngSys/src/test/java
2020-09-03 00:15:20,694 [Worker-12: Updating Maven Project] INFO  o.e.m.w.i.f.ResourceFilteringBuildParticipant - Cleaning filtered folder for EmpMngSys
2020-09-03 00:15:20,705 [Worker-12: Updating Maven Project] INFO  o.e.m.c.i.p.ProjectConfigurationManager - Update completed: 0 sec
2020-09-03 00:15:21,234 [Worker-13: Building workspace] WARN  o.e.m.c.i.embedder.EclipseLogger - Using platform encoding (Cp1252 actually) to copy filtered resources, i.e. build is platform dependent!
2020-09-03 00:15:21,236 [Worker-13: Building workspace] INFO  o.e.m.c.i.embedder.EclipseLogger - Copying 2 resources
2020-09-03 00:15:21,245 [Worker-13: Building workspace] WARN  o.e.m.c.i.embedder.EclipseLogger - Using platform encoding (Cp1252 actually) to copy filtered resources, i.e. build is platform dependent!
2020-09-03 00:15:21,247 [Worker-13: Building workspace] INFO  o.e.m.c.i.embedder.EclipseLogger - skip non existing resourceDirectory C:\LMS\lms_wrkspc_sandeep\Leave_Management_System\EmpMngSys\src\test\resources
2020-09-03 00:15:21,248 [Worker-13: Building workspace] INFO  o.e.m.w.i.f.ResourceFilteringBuildParticipant - Changed resources require a complete clean of filtered resources of EmpMngSys
2020-09-03 00:15:21,249 [Worker-13: Building workspace] INFO  o.e.m.w.i.f.ResourceFilteringBuildParticipant - Executing resource filtering for EmpMngSys
2020-09-03 00:15:21,257 [Worker-13: Building workspace] WARN  o.e.m.c.i.embedder.EclipseLogger - Using platform encoding (Cp1252 actually) to copy filtered resources, i.e. build is platform dependent!
2020-09-03 00:15:45,677 [Worker-12: Building workspace] WARN  o.e.m.c.i.embedder.EclipseLogger - Using platform encoding (Cp1252 actually) to copy filtered resources, i.e. build is platform dependent!
2020-09-03 00:15:45,679 [Worker-12: Building workspace] INFO  o.e.m.c.i.embedder.EclipseLogger - Copying 0 resource
2020-09-03 00:15:45,680 [Worker-12: Building workspace] WARN  o.e.m.c.i.embedder.EclipseLogger - Using platform encoding (Cp1252 actually) to copy filtered resources, i.e. build is platform dependent!
2020-09-03 00:15:45,682 [Worker-12: Building workspace] INFO  o.e.m.c.i.embedder.EclipseLogger - skip non existing resourceDirectory C:\LMS\lms_wrkspc_sandeep\Leave_Management_System\EmpMngSys\src\test\resources
2020-09-03 00:15:45,692 [Worker-12: Building workspace] WARN  o.e.m.c.i.embedder.EclipseLogger - Using platform encoding (Cp1252 actually) to copy filtered resources, i.e. build is platform dependent!
2020-09-03 00:15:45,694 [Worker-12: Building workspace] INFO  o.e.m.c.i.embedder.EclipseLogger - skip non existing resourceDirectory C:\LMS\lms_wrkspc_sandeep\Leave_Management_System\LMSAdmin\src\main\resources
2020-09-03 00:15:45,695 [Worker-12: Building workspace] WARN  o.e.m.c.i.embedder.EclipseLogger - Using platform encoding (Cp1252 actually) to copy filtered resources, i.e. build is platform dependent!
2020-09-03 00:15:45,697 [Worker-12: Building workspace] INFO  o.e.m.c.i.embedder.EclipseLogger - skip non existing resourceDirectory C:\LMS\lms_wrkspc_sandeep\Leave_Management_System\LMSAdmin\src\test\resources
2020-09-03 00:15:45,708 [Worker-12: Building workspace] WARN  o.e.m.c.i.embedder.EclipseLogger - Using platform encoding (Cp1252 actually) to copy filtered resources, i.e. build is platform dependent!
2020-09-03 00:15:45,710 [Worker-12: Building workspace] INFO  o.e.m.c.i.embedder.EclipseLogger - skip non existing resourceDirectory C:\LMS\lms_wrkspc_sandeep\Leave_Management_System\LmsDtoLibrary\src\main\resources
2020-09-03 00:15:45,711 [Worker-12: Building workspace] WARN  o.e.m.c.i.embedder.EclipseLogger - Using platform encoding (Cp1252 actually) to copy filtered resources, i.e. build is platform dependent!
2020-09-03 00:15:45,712 [Worker-12: Building workspace] INFO  o.e.m.c.i.embedder.EclipseLogger - skip non existing resourceDirectory C:\LMS\lms_wrkspc_sandeep\Leave_Management_System\LmsDtoLibrary\src\test\resources
2020-09-03 00:15:45,896 [Worker-12: Building workspace] INFO  o.e.m.c.i.p.WorkspaceClassifierResolverManager - Resolving P/LmsDtoLibrary: com.sandeep.lms.dto.library:LmsDtoLibrary:0.0.1-SNAPSHOT with classifier  to /LmsDtoLibrary/target/classes
2020-09-03 00:15:45,907 [Worker-12: Building workspace] WARN  o.e.m.c.i.embedder.EclipseLogger - Using platform encoding (Cp1252 actually) to copy filtered resources, i.e. build is platform dependent!
2020-09-03 00:15:45,909 [Worker-12: Building workspace] INFO  o.e.m.c.i.embedder.EclipseLogger - skip non existing resourceDirectory C:\LMS\lms_wrkspc_sandeep\Leave_Management_System\ApplyLeavesClient\src\main\resources
2020-09-03 00:15:45,911 [Worker-12: Building workspace] WARN  o.e.m.c.i.embedder.EclipseLogger - Using platform encoding (Cp1252 actually) to copy filtered resources, i.e. build is platform dependent!
2020-09-03 00:15:45,912 [Worker-12: Building workspace] INFO  o.e.m.c.i.embedder.EclipseLogger - skip non existing resourceDirectory C:\LMS\lms_wrkspc_sandeep\Leave_Management_System\ApplyLeavesClient\src\test\resources
2020-09-03 00:16:08,137 [Worker-15: Updating Maven Project] INFO  o.e.m.c.i.p.ProjectConfigurationManager - Update started
2020-09-03 00:16:08,565 [Worker-15: Updating Maven Project] INFO  o.e.m.c.i.l.LifecycleMappingFactory - Using org.maven.ide.eclipse.wtp.WarLifecycleMapping lifecycle mapping for MavenProject: com.sandeep.lms.ems:EmpMngSys:0.0.1-SNAPSHOT @ C:\LMS\lms_wrkspc_sandeep\Leave_Management_System\EmpMngSys\pom.xml.
2020-09-03 00:16:10,328 [Worker-15: Updating Maven Project] INFO  o.e.m.c.i.e.AbstractTransferListenerAdapter - Downloading https://repo.maven.apache.org/maven2/org/springframework/boot/spring-boot-maven-plugin/maven-metadata.xml
2020-09-03 00:16:10,645 [Worker-15: Updating Maven Project] INFO  o.e.m.c.i.e.AbstractTransferListenerAdapter - Downloaded https://repo.maven.apache.org/maven2/org/springframework/boot/spring-boot-maven-plugin/maven-metadata.xml
2020-09-03 00:16:10,953 [Worker-15: Updating Maven Project] INFO  o.e.m.c.i.e.AbstractTransferListenerAdapter - Downloading https://repo.maven.apache.org/maven2/org/springframework/boot/spring-boot-maven-plugin/2.3.3.RELEASE/spring-boot-maven-plugin-2.3.3.RELEASE.pom
2020-09-03 00:16:11,257 [Worker-15: Updating Maven Project] INFO  o.e.m.c.i.e.AbstractTransferListenerAdapter - Downloaded https://repo.maven.apache.org/maven2/org/springframework/boot/spring-boot-maven-plugin/2.3.3.RELEASE/spring-boot-maven-plugin-2.3.3.RELEASE.pom
2020-09-03 00:16:11,564 [Worker-15: Updating Maven Project] INFO  o.e.m.c.i.e.AbstractTransferListenerAdapter - Downloading https://repo.maven.apache.org/maven2/org/springframework/boot/spring-boot-maven-plugin/2.3.3.RELEASE/spring-boot-maven-plugin-2.3.3.RELEASE.jar
2020-09-03 00:16:12,622 [Worker-15: Updating Maven Project] INFO  o.e.m.c.i.e.AbstractTransferListenerAdapter - Downloaded https://repo.maven.apache.org/maven2/org/springframework/boot/spring-boot-maven-plugin/2.3.3.RELEASE/spring-boot-maven-plugin-2.3.3.RELEASE.jar
2020-09-03 00:16:12,691 [Worker-15: Updating Maven Project] INFO  o.e.m.c.i.l.LifecycleMappingFactory - Using NULL lifecycle mapping for MavenProject: com.sandeep.lms.dto:LmsDependency:0.0.1-SNAPSHOT @ C:\LMS\lms_wrkspc_sandeep\Leave_Management_System\LmsDependency\pom.xml.
2020-09-03 00:16:12,943 [Worker-15: Updating Maven Project] INFO  o.e.m.c.i.l.LifecycleMappingFactory - Using org.maven.ide.eclipse.wtp.WarLifecycleMapping lifecycle mapping for MavenProject: com.sandeep.lms.applyleaves.client:ApplyLeavesClient:0.0.1-SNAPSHOT @ C:\LMS\lms_wrkspc_sandeep\Leave_Management_System\ApplyLeavesClient\pom.xml.
2020-09-03 00:16:12,965 [Worker-15: Updating Maven Project] INFO  o.e.m.c.i.p.WorkspaceClassifierResolverManager - Resolving P/LmsDtoLibrary: com.sandeep.lms.dto.library:LmsDtoLibrary:0.0.1-SNAPSHOT with classifier  to /LmsDtoLibrary/target/classes
2020-09-03 00:16:12,990 [Worker-15: Updating Maven Project] INFO  o.e.m.c.i.l.LifecycleMappingFactory - Using org.maven.ide.eclipse.wtp.WarLifecycleMapping lifecycle mapping for MavenProject: com.sandeep.lms.admin:LMSAdmin:0.0.1-SNAPSHOT @ C:\LMS\lms_wrkspc_sandeep\Leave_Management_System\LMSAdmin\pom.xml.
2020-09-03 00:16:13,313 [Worker-15: Updating Maven Project] INFO  o.e.m.c.i.l.LifecycleMappingFactory - Using org.eclipse.m2e.jdt.JarLifecycleMapping lifecycle mapping for MavenProject: com.sandeep.lms.core:LMSCore:0.0.1-SNAPSHOT @ C:\LMS\lms_wrkspc_sandeep\Leave_Management_System\LMSCore\pom.xml.
2020-09-03 00:16:13,621 [Worker-15: Updating Maven Project] INFO  o.e.m.c.i.p.WorkspaceClassifierResolverManager - Resolving P/LmsDtoLibrary: com.sandeep.lms.dto.library:LmsDtoLibrary:0.0.1-SNAPSHOT with classifier  to /LmsDtoLibrary/target/classes
2020-09-03 00:16:13,652 [Worker-15: Updating Maven Project] INFO  o.e.m.c.i.l.LifecycleMappingFactory - Using org.eclipse.m2e.jdt.JarLifecycleMapping lifecycle mapping for MavenProject: com.sandeep.lms.dto.library:LmsDtoLibrary:0.0.1-SNAPSHOT @ C:\LMS\lms_wrkspc_sandeep\Leave_Management_System\LmsDtoLibrary\pom.xml.
2020-09-03 00:16:14,005 [Worker-15: Updating Maven Project] INFO  o.e.m.c.i.p.WorkspaceClassifierResolverManager - Resolving P/LmsDtoLibrary: com.sandeep.lms.dto.library:LmsDtoLibrary:0.0.1-SNAPSHOT with classifier  to /LmsDtoLibrary/target/classes
2020-09-03 00:16:14,325 [Worker-15: Updating Maven Project] INFO  o.e.m.j.i.AbstractJavaProjectConfigurator - Adding source folder /ApplyLeavesClient/src/main/java
2020-09-03 00:16:14,326 [Worker-15: Updating Maven Project] INFO  o.e.m.j.i.AbstractJavaProjectConfigurator - Adding source folder /ApplyLeavesClient/src/test/java
2020-09-03 00:16:14,500 [Worker-15: Updating Maven Project] INFO  o.e.m.j.i.AbstractJavaProjectConfigurator - Adding source folder /EmpMngSys/src/main/java
2020-09-03 00:16:14,500 [Worker-15: Updating Maven Project] INFO  o.e.m.j.i.AbstractJavaProjectConfigurator - Adding resource folder /EmpMngSys/src/main/resources
2020-09-03 00:16:14,500 [Worker-15: Updating Maven Project] INFO  o.e.m.j.i.AbstractJavaProjectConfigurator - Adding source folder /EmpMngSys/src/test/java
2020-09-03 00:16:14,620 [Worker-15: Updating Maven Project] INFO  o.e.m.j.i.AbstractJavaProjectConfigurator - Adding source folder /LMSAdmin/src/main/java
2020-09-03 00:16:14,621 [Worker-15: Updating Maven Project] INFO  o.e.m.j.i.AbstractJavaProjectConfigurator - Adding source folder /LMSAdmin/src/test/java
2020-09-03 00:16:14,778 [Worker-15: Updating Maven Project] INFO  o.e.m.j.i.AbstractJavaProjectConfigurator - Adding source folder /LMSCore/src/main/java
2020-09-03 00:16:14,778 [Worker-15: Updating Maven Project] INFO  o.e.m.j.i.AbstractJavaProjectConfigurator - Adding resource folder /LMSCore/src/main/resources
2020-09-03 00:16:14,778 [Worker-15: Updating Maven Project] INFO  o.e.m.j.i.AbstractJavaProjectConfigurator - Adding resource folder /LMSCore/src/main/resources
2020-09-03 00:16:14,779 [Worker-15: Updating Maven Project] INFO  o.e.m.j.i.AbstractJavaProjectConfigurator - Adding source folder /LMSCore/src/test/java
2020-09-03 00:16:14,963 [Worker-15: Updating Maven Project] INFO  o.e.m.j.i.AbstractJavaProjectConfigurator - Adding source folder /LmsDtoLibrary/src/main/java
2020-09-03 00:16:14,963 [Worker-15: Updating Maven Project] INFO  o.e.m.j.i.AbstractJavaProjectConfigurator - Adding source folder /LmsDtoLibrary/src/test/java
2020-09-03 00:16:15,202 [Worker-15: Updating Maven Project] INFO  o.e.m.w.i.f.ResourceFilteringBuildParticipant - Cleaning filtered folder for ApplyLeavesClient
2020-09-03 00:16:15,240 [Worker-15: Updating Maven Project] INFO  o.e.m.w.i.f.ResourceFilteringBuildParticipant - Cleaning filtered folder for EmpMngSys
2020-09-03 00:16:15,264 [Worker-15: Updating Maven Project] INFO  o.e.m.w.i.f.ResourceFilteringBuildParticipant - Cleaning filtered folder for LMSAdmin
2020-09-03 00:16:15,318 [Worker-15: Updating Maven Project] INFO  o.e.m.c.i.p.ProjectConfigurationManager - Update completed: 7 sec
2020-09-03 00:16:15,898 [Worker-16: Building workspace] WARN  o.e.m.c.i.embedder.EclipseLogger - Using platform encoding (Cp1252 actually) to copy filtered resources, i.e. build is platform dependent!
2020-09-03 00:16:15,900 [Worker-16: Building workspace] INFO  o.e.m.c.i.embedder.EclipseLogger - Copying 2 resources
2020-09-03 00:16:15,912 [Worker-16: Building workspace] WARN  o.e.m.c.i.embedder.EclipseLogger - Using platform encoding (Cp1252 actually) to copy filtered resources, i.e. build is platform dependent!
2020-09-03 00:16:15,913 [Worker-16: Building workspace] INFO  o.e.m.c.i.embedder.EclipseLogger - skip non existing resourceDirectory C:\LMS\lms_wrkspc_sandeep\Leave_Management_System\EmpMngSys\src\test\resources
2020-09-03 00:16:15,914 [Worker-16: Building workspace] INFO  o.e.m.w.i.f.ResourceFilteringBuildParticipant - Changed resources require a complete clean of filtered resources of EmpMngSys
2020-09-03 00:16:15,914 [Worker-16: Building workspace] INFO  o.e.m.w.i.f.ResourceFilteringBuildParticipant - Executing resource filtering for EmpMngSys
2020-09-03 00:16:15,918 [Worker-16: Building workspace] WARN  o.e.m.c.i.embedder.EclipseLogger - Using platform encoding (Cp1252 actually) to copy filtered resources, i.e. build is platform dependent!
2020-09-03 00:16:15,973 [Worker-16: Building workspace] WARN  o.e.m.c.i.embedder.EclipseLogger - Using platform encoding (Cp1252 actually) to copy filtered resources, i.e. build is platform dependent!
2020-09-03 00:16:15,974 [Worker-16: Building workspace] INFO  o.e.m.c.i.embedder.EclipseLogger - skip non existing resourceDirectory C:\LMS\lms_wrkspc_sandeep\Leave_Management_System\LMSAdmin\src\main\resources
2020-09-03 00:16:15,975 [Worker-16: Building workspace] WARN  o.e.m.c.i.embedder.EclipseLogger - Using platform encoding (Cp1252 actually) to copy filtered resources, i.e. build is platform dependent!
2020-09-03 00:16:15,977 [Worker-16: Building workspace] INFO  o.e.m.c.i.embedder.EclipseLogger - skip non existing resourceDirectory C:\LMS\lms_wrkspc_sandeep\Leave_Management_System\LMSAdmin\src\test\resources
2020-09-03 00:16:15,977 [Worker-16: Building workspace] INFO  o.e.m.w.i.f.ResourceFilteringBuildParticipant - Changed resources require a complete clean of filtered resources of LMSAdmin
2020-09-03 00:16:15,977 [Worker-16: Building workspace] INFO  o.e.m.w.i.f.ResourceFilteringBuildParticipant - Executing resource filtering for LMSAdmin
2020-09-03 00:16:15,979 [Worker-16: Building workspace] WARN  o.e.m.c.i.embedder.EclipseLogger - Using platform encoding (Cp1252 actually) to copy filtered resources, i.e. build is platform dependent!
2020-09-03 00:16:16,179 [Worker-16: Building workspace] WARN  o.e.m.c.i.embedder.EclipseLogger - Using platform encoding (Cp1252 actually) to copy filtered resources, i.e. build is platform dependent!
2020-09-03 00:16:16,180 [Worker-16: Building workspace] INFO  o.e.m.c.i.embedder.EclipseLogger - skip non existing resourceDirectory C:\LMS\lms_wrkspc_sandeep\Leave_Management_System\LmsDtoLibrary\src\main\resources
2020-09-03 00:16:16,181 [Worker-16: Building workspace] WARN  o.e.m.c.i.embedder.EclipseLogger - Using platform encoding (Cp1252 actually) to copy filtered resources, i.e. build is platform dependent!
2020-09-03 00:16:16,183 [Worker-16: Building workspace] INFO  o.e.m.c.i.embedder.EclipseLogger - skip non existing resourceDirectory C:\LMS\lms_wrkspc_sandeep\Leave_Management_System\LmsDtoLibrary\src\test\resources
2020-09-03 00:16:17,082 [Worker-16: Building workspace] INFO  o.e.m.c.i.p.WorkspaceClassifierResolverManager - Resolving P/LmsDtoLibrary: com.sandeep.lms.dto.library:LmsDtoLibrary:0.0.1-SNAPSHOT with classifier  to /LmsDtoLibrary/target/classes
2020-09-03 00:16:17,095 [Worker-16: Building workspace] INFO  o.e.m.c.i.embedder.EclipseLogger - Using 'UTF-8' encoding to copy filtered resources.
2020-09-03 00:16:17,096 [Worker-16: Building workspace] INFO  o.e.m.c.i.embedder.EclipseLogger - Copying 1 resource
2020-09-03 00:16:17,106 [Worker-16: Building workspace] INFO  o.e.m.c.i.embedder.EclipseLogger - Copying 1 resource
2020-09-03 00:16:17,112 [Worker-16: Building workspace] INFO  o.e.m.c.i.embedder.EclipseLogger - Using 'UTF-8' encoding to copy filtered resources.
2020-09-03 00:16:17,112 [Worker-16: Building workspace] INFO  o.e.m.c.i.embedder.EclipseLogger - skip non existing resourceDirectory C:\LMS\lms_wrkspc_sandeep\Leave_Management_System\LMSCore\src\test\resources
2020-09-03 00:16:17,647 [Worker-16: Building workspace] INFO  o.e.m.c.i.p.WorkspaceClassifierResolverManager - Resolving P/LmsDtoLibrary: com.sandeep.lms.dto.library:LmsDtoLibrary:0.0.1-SNAPSHOT with classifier  to /LmsDtoLibrary/target/classes
2020-09-03 00:16:17,809 [Worker-16: Building workspace] WARN  o.e.m.c.i.embedder.EclipseLogger - Using platform encoding (Cp1252 actually) to copy filtered resources, i.e. build is platform dependent!
2020-09-03 00:16:17,809 [Worker-16: Building workspace] INFO  o.e.m.c.i.embedder.EclipseLogger - skip non existing resourceDirectory C:\LMS\lms_wrkspc_sandeep\Leave_Management_System\ApplyLeavesClient\src\main\resources
2020-09-03 00:16:17,810 [Worker-16: Building workspace] WARN  o.e.m.c.i.embedder.EclipseLogger - Using platform encoding (Cp1252 actually) to copy filtered resources, i.e. build is platform dependent!
2020-09-03 00:16:17,811 [Worker-16: Building workspace] INFO  o.e.m.c.i.embedder.EclipseLogger - skip non existing resourceDirectory C:\LMS\lms_wrkspc_sandeep\Leave_Management_System\ApplyLeavesClient\src\test\resources
2020-09-03 00:16:17,811 [Worker-16: Building workspace] INFO  o.e.m.w.i.f.ResourceFilteringBuildParticipant - Changed resources require a complete clean of filtered resources of ApplyLeavesClient
2020-09-03 00:16:17,811 [Worker-16: Building workspace] INFO  o.e.m.w.i.f.ResourceFilteringBuildParticipant - Executing resource filtering for ApplyLeavesClient
2020-09-03 00:16:17,814 [Worker-16: Building workspace] WARN  o.e.m.c.i.embedder.EclipseLogger - Using platform encoding (Cp1252 actually) to copy filtered resources, i.e. build is platform dependent!
2020-09-03 00:19:48,659 [Worker-17: Building workspace] INFO  o.e.m.c.i.l.LifecycleMappingFactory - Using org.maven.ide.eclipse.wtp.WarLifecycleMapping lifecycle mapping for MavenProject: com.sandeep.lms.ems:EmpMngSys:0.0.1-SNAPSHOT @ C:\LMS\lms_wrkspc_sandeep\Leave_Management_System\EmpMngSys\pom.xml.
2020-09-03 00:19:48,704 [Worker-17: Building workspace] INFO  o.e.m.c.i.p.WorkspaceClassifierResolverManager - Resolving P/LmsDtoLibrary: com.sandeep.lms.dto.library:LmsDtoLibrary:0.0.1-SNAPSHOT with classifier  to /LmsDtoLibrary/target/classes
2020-09-03 00:19:48,794 [Worker-17: Building workspace] INFO  o.e.m.c.i.p.WorkspaceClassifierResolverManager - Resolving P/LmsDtoLibrary: com.sandeep.lms.dto.library:LmsDtoLibrary:0.0.1-SNAPSHOT with classifier  to /LmsDtoLibrary/target/classes
2020-09-03 00:19:48,811 [Worker-17: Building workspace] INFO  o.e.m.c.i.p.WorkspaceClassifierResolverManager - Resolving P/LmsDtoLibrary: com.sandeep.lms.dto.library:LmsDtoLibrary:0.0.1-SNAPSHOT with classifier  to /LmsDtoLibrary/target/classes
2020-09-03 00:19:48,862 [Worker-17: Building workspace] WARN  o.e.m.c.i.embedder.EclipseLogger - Using platform encoding (Cp1252 actually) to copy filtered resources, i.e. build is platform dependent!
2020-09-03 00:19:48,869 [Worker-17: Building workspace] INFO  o.e.m.c.i.embedder.EclipseLogger - Copying 0 resource
2020-09-03 00:19:48,870 [Worker-17: Building workspace] WARN  o.e.m.c.i.embedder.EclipseLogger - Using platform encoding (Cp1252 actually) to copy filtered resources, i.e. build is platform dependent!
2020-09-03 00:19:48,871 [Worker-17: Building workspace] INFO  o.e.m.c.i.embedder.EclipseLogger - skip non existing resourceDirectory C:\LMS\lms_wrkspc_sandeep\Leave_Management_System\EmpMngSys\src\test\resources
2020-09-03 00:19:48,872 [Worker-17: Building workspace] INFO  o.e.m.w.i.f.ResourceFilteringBuildParticipant - Changed resources require a complete clean of filtered resources of EmpMngSys
2020-09-03 00:19:48,872 [Worker-17: Building workspace] INFO  o.e.m.w.i.f.ResourceFilteringBuildParticipant - Executing resource filtering for EmpMngSys
2020-09-03 00:19:48,875 [Worker-17: Building workspace] WARN  o.e.m.c.i.embedder.EclipseLogger - Using platform encoding (Cp1252 actually) to copy filtered resources, i.e. build is platform dependent!
2020-09-03 00:19:50,309 [Worker-19: Building workspace] INFO  o.e.m.c.i.p.WorkspaceClassifierResolverManager - Resolving P/LmsDtoLibrary: com.sandeep.lms.dto.library:LmsDtoLibrary:0.0.1-SNAPSHOT with classifier  to /LmsDtoLibrary/target/classes
2020-09-03 00:19:50,313 [Worker-19: Building workspace] WARN  o.e.m.c.i.embedder.EclipseLogger - Using platform encoding (Cp1252 actually) to copy filtered resources, i.e. build is platform dependent!
2020-09-03 00:19:50,317 [Worker-19: Building workspace] INFO  o.e.m.c.i.embedder.EclipseLogger - Copying 2 resources
2020-09-03 00:19:50,328 [Worker-19: Building workspace] WARN  o.e.m.c.i.embedder.EclipseLogger - Using platform encoding (Cp1252 actually) to copy filtered resources, i.e. build is platform dependent!
2020-09-03 00:19:50,329 [Worker-19: Building workspace] INFO  o.e.m.c.i.embedder.EclipseLogger - skip non existing resourceDirectory C:\LMS\lms_wrkspc_sandeep\Leave_Management_System\EmpMngSys\src\test\resources
2020-09-03 00:19:50,476 [Worker-15: Building workspace] WARN  o.e.m.c.i.embedder.EclipseLogger - Using platform encoding (Cp1252 actually) to copy filtered resources, i.e. build is platform dependent!
2020-09-03 00:19:50,478 [Worker-15: Building workspace] INFO  o.e.m.c.i.embedder.EclipseLogger - skip non existing resourceDirectory C:\LMS\lms_wrkspc_sandeep\Leave_Management_System\LmsDtoLibrary\src\main\resources
2020-09-03 00:19:50,479 [Worker-15: Building workspace] WARN  o.e.m.c.i.embedder.EclipseLogger - Using platform encoding (Cp1252 actually) to copy filtered resources, i.e. build is platform dependent!
2020-09-03 00:19:50,480 [Worker-15: Building workspace] INFO  o.e.m.c.i.embedder.EclipseLogger - skip non existing resourceDirectory C:\LMS\lms_wrkspc_sandeep\Leave_Management_System\LmsDtoLibrary\src\test\resources
2020-09-03 00:19:52,559 [Worker-15: Building workspace] WARN  o.e.m.c.i.embedder.EclipseLogger - Using platform encoding (Cp1252 actually) to copy filtered resources, i.e. build is platform dependent!
2020-09-03 00:19:52,562 [Worker-15: Building workspace] INFO  o.e.m.c.i.embedder.EclipseLogger - Copying 0 resource
2020-09-03 00:19:52,563 [Worker-15: Building workspace] WARN  o.e.m.c.i.embedder.EclipseLogger - Using platform encoding (Cp1252 actually) to copy filtered resources, i.e. build is platform dependent!
2020-09-03 00:19:52,564 [Worker-15: Building workspace] INFO  o.e.m.c.i.embedder.EclipseLogger - skip non existing resourceDirectory C:\LMS\lms_wrkspc_sandeep\Leave_Management_System\EmpMngSys\src\test\resources
2020-09-03 00:19:52,577 [Worker-15: Building workspace] WARN  o.e.m.c.i.embedder.EclipseLogger - Using platform encoding (Cp1252 actually) to copy filtered resources, i.e. build is platform dependent!
2020-09-03 00:19:52,579 [Worker-15: Building workspace] INFO  o.e.m.c.i.embedder.EclipseLogger - skip non existing resourceDirectory C:\LMS\lms_wrkspc_sandeep\Leave_Management_System\LMSAdmin\src\main\resources
2020-09-03 00:19:52,580 [Worker-15: Building workspace] WARN  o.e.m.c.i.embedder.EclipseLogger - Using platform encoding (Cp1252 actually) to copy filtered resources, i.e. build is platform dependent!
2020-09-03 00:19:52,581 [Worker-15: Building workspace] INFO  o.e.m.c.i.embedder.EclipseLogger - skip non existing resourceDirectory C:\LMS\lms_wrkspc_sandeep\Leave_Management_System\LMSAdmin\src\test\resources
2020-09-03 00:19:52,665 [Worker-15: Building workspace] INFO  o.e.m.c.i.p.WorkspaceClassifierResolverManager - Resolving P/LmsDtoLibrary: com.sandeep.lms.dto.library:LmsDtoLibrary:0.0.1-SNAPSHOT with classifier  to /LmsDtoLibrary/target/classes
2020-09-03 00:19:52,670 [Worker-15: Building workspace] WARN  o.e.m.c.i.embedder.EclipseLogger - Using platform encoding (Cp1252 actually) to copy filtered resources, i.e. build is platform dependent!
2020-09-03 00:19:52,672 [Worker-15: Building workspace] INFO  o.e.m.c.i.embedder.EclipseLogger - skip non existing resourceDirectory C:\LMS\lms_wrkspc_sandeep\Leave_Management_System\ApplyLeavesClient\src\main\resources
2020-09-03 00:19:52,674 [Worker-15: Building workspace] WARN  o.e.m.c.i.embedder.EclipseLogger - Using platform encoding (Cp1252 actually) to copy filtered resources, i.e. build is platform dependent!
2020-09-03 00:19:52,676 [Worker-15: Building workspace] INFO  o.e.m.c.i.embedder.EclipseLogger - skip non existing resourceDirectory C:\LMS\lms_wrkspc_sandeep\Leave_Management_System\ApplyLeavesClient\src\test\resources
2020-09-03 00:22:02,637 [Worker-24: Building workspace] WARN  o.e.m.c.i.embedder.EclipseLogger - Using platform encoding (Cp1252 actually) to copy filtered resources, i.e. build is platform dependent!
2020-09-03 00:22:02,638 [Worker-24: Building workspace] INFO  o.e.m.c.i.embedder.EclipseLogger - skip non existing resourceDirectory C:\LMS\lms_wrkspc_sandeep\Leave_Management_System\LmsDtoLibrary\src\main\resources
2020-09-03 00:22:02,639 [Worker-24: Building workspace] WARN  o.e.m.c.i.embedder.EclipseLogger - Using platform encoding (Cp1252 actually) to copy filtered resources, i.e. build is platform dependent!
2020-09-03 00:22:02,639 [Worker-24: Building workspace] INFO  o.e.m.c.i.embedder.EclipseLogger - skip non existing resourceDirectory C:\LMS\lms_wrkspc_sandeep\Leave_Management_System\LmsDtoLibrary\src\test\resources
2020-09-03 00:23:32,477 [Worker-24: Building workspace] WARN  o.e.m.c.i.embedder.EclipseLogger - Using platform encoding (Cp1252 actually) to copy filtered resources, i.e. build is platform dependent!
2020-09-03 00:23:32,478 [Worker-24: Building workspace] INFO  o.e.m.c.i.embedder.EclipseLogger - skip non existing resourceDirectory C:\LMS\lms_wrkspc_sandeep\Leave_Management_System\LmsDtoLibrary\src\main\resources
2020-09-03 00:23:32,480 [Worker-24: Building workspace] WARN  o.e.m.c.i.embedder.EclipseLogger - Using platform encoding (Cp1252 actually) to copy filtered resources, i.e. build is platform dependent!
2020-09-03 00:23:32,481 [Worker-24: Building workspace] INFO  o.e.m.c.i.embedder.EclipseLogger - skip non existing resourceDirectory C:\LMS\lms_wrkspc_sandeep\Leave_Management_System\LmsDtoLibrary\src\test\resources
2020-09-03 00:26:30,958 [Worker-18: Building workspace] WARN  o.e.m.c.i.embedder.EclipseLogger - Using platform encoding (Cp1252 actually) to copy filtered resources, i.e. build is platform dependent!
2020-09-03 00:26:30,959 [Worker-18: Building workspace] INFO  o.e.m.c.i.embedder.EclipseLogger - skip non existing resourceDirectory C:\LMS\lms_wrkspc_sandeep\Leave_Management_System\LmsDtoLibrary\src\main\resources
2020-09-03 00:26:30,960 [Worker-18: Building workspace] WARN  o.e.m.c.i.embedder.EclipseLogger - Using platform encoding (Cp1252 actually) to copy filtered resources, i.e. build is platform dependent!
2020-09-03 00:26:30,961 [Worker-18: Building workspace] INFO  o.e.m.c.i.embedder.EclipseLogger - skip non existing resourceDirectory C:\LMS\lms_wrkspc_sandeep\Leave_Management_System\LmsDtoLibrary\src\test\resources
2020-09-03 00:28:21,544 [Worker-28: Building workspace] WARN  o.e.m.c.i.embedder.EclipseLogger - Using platform encoding (Cp1252 actually) to copy filtered resources, i.e. build is platform dependent!
2020-09-03 00:28:21,547 [Worker-28: Building workspace] INFO  o.e.m.c.i.embedder.EclipseLogger - Copying 0 resource
2020-09-03 00:28:21,548 [Worker-28: Building workspace] WARN  o.e.m.c.i.embedder.EclipseLogger - Using platform encoding (Cp1252 actually) to copy filtered resources, i.e. build is platform dependent!
2020-09-03 00:28:21,550 [Worker-28: Building workspace] INFO  o.e.m.c.i.embedder.EclipseLogger - skip non existing resourceDirectory C:\LMS\lms_wrkspc_sandeep\Leave_Management_System\EmpMngSys\src\test\resources
2020-09-03 00:28:21,581 [Worker-28: Building workspace] WARN  o.e.m.c.i.embedder.EclipseLogger - Using platform encoding (Cp1252 actually) to copy filtered resources, i.e. build is platform dependent!
2020-09-03 00:28:21,582 [Worker-28: Building workspace] INFO  o.e.m.c.i.embedder.EclipseLogger - skip non existing resourceDirectory C:\LMS\lms_wrkspc_sandeep\Leave_Management_System\LMSAdmin\src\main\resources
2020-09-03 00:28:21,583 [Worker-28: Building workspace] WARN  o.e.m.c.i.embedder.EclipseLogger - Using platform encoding (Cp1252 actually) to copy filtered resources, i.e. build is platform dependent!
2020-09-03 00:28:21,585 [Worker-28: Building workspace] INFO  o.e.m.c.i.embedder.EclipseLogger - skip non existing resourceDirectory C:\LMS\lms_wrkspc_sandeep\Leave_Management_System\LMSAdmin\src\test\resources
2020-09-03 00:28:21,605 [Worker-28: Building workspace] WARN  o.e.m.c.i.embedder.EclipseLogger - Using platform encoding (Cp1252 actually) to copy filtered resources, i.e. build is platform dependent!
2020-09-03 00:28:21,606 [Worker-28: Building workspace] INFO  o.e.m.c.i.embedder.EclipseLogger - skip non existing resourceDirectory C:\LMS\lms_wrkspc_sandeep\Leave_Management_System\LmsDtoLibrary\src\main\resources
2020-09-03 00:28:21,607 [Worker-28: Building workspace] WARN  o.e.m.c.i.embedder.EclipseLogger - Using platform encoding (Cp1252 actually) to copy filtered resources, i.e. build is platform dependent!
2020-09-03 00:28:21,609 [Worker-28: Building workspace] INFO  o.e.m.c.i.embedder.EclipseLogger - skip non existing resourceDirectory C:\LMS\lms_wrkspc_sandeep\Leave_Management_System\LmsDtoLibrary\src\test\resources
2020-09-03 00:28:22,292 [Worker-28: Building workspace] INFO  o.e.m.c.i.p.WorkspaceClassifierResolverManager - Resolving P/LmsDtoLibrary: com.sandeep.lms.dto.library:LmsDtoLibrary:0.0.1-SNAPSHOT with classifier  to /LmsDtoLibrary/target/classes
2020-09-03 00:28:22,546 [Worker-28: Building workspace] INFO  o.e.m.c.i.embedder.EclipseLogger - Using 'UTF-8' encoding to copy filtered resources.
2020-09-03 00:28:22,549 [Worker-28: Building workspace] INFO  o.e.m.c.i.embedder.EclipseLogger - Copying 0 resource
2020-09-03 00:28:22,549 [Worker-28: Building workspace] INFO  o.e.m.c.i.embedder.EclipseLogger - Copying 0 resource
2020-09-03 00:28:22,552 [Worker-28: Building workspace] INFO  o.e.m.c.i.embedder.EclipseLogger - Using 'UTF-8' encoding to copy filtered resources.
2020-09-03 00:28:22,552 [Worker-28: Building workspace] INFO  o.e.m.c.i.embedder.EclipseLogger - skip non existing resourceDirectory C:\LMS\lms_wrkspc_sandeep\Leave_Management_System\LMSCore\src\test\resources
2020-09-03 00:28:22,571 [Worker-28: Building workspace] WARN  o.e.m.c.i.embedder.EclipseLogger - Using platform encoding (Cp1252 actually) to copy filtered resources, i.e. build is platform dependent!
2020-09-03 00:28:22,573 [Worker-28: Building workspace] INFO  o.e.m.c.i.embedder.EclipseLogger - skip non existing resourceDirectory C:\LMS\lms_wrkspc_sandeep\Leave_Management_System\ApplyLeavesClient\src\main\resources
2020-09-03 00:28:22,573 [Worker-28: Building workspace] WARN  o.e.m.c.i.embedder.EclipseLogger - Using platform encoding (Cp1252 actually) to copy filtered resources, i.e. build is platform dependent!
2020-09-03 00:28:22,574 [Worker-28: Building workspace] INFO  o.e.m.c.i.embedder.EclipseLogger - skip non existing resourceDirectory C:\LMS\lms_wrkspc_sandeep\Leave_Management_System\ApplyLeavesClient\src\test\resources
2020-09-03 00:29:05,873 [Worker-30: Building workspace] INFO  o.e.m.c.i.l.LifecycleMappingFactory - Using org.eclipse.m2e.jdt.JarLifecycleMapping lifecycle mapping for MavenProject: com.sandeep.lms.dto.library:LmsDtoLibrary:0.0.1-SNAPSHOT @ C:\LMS\lms_wrkspc_sandeep\Leave_Management_System\LmsDtoLibrary\pom.xml.
2020-09-03 00:29:06,017 [Worker-30: Building workspace] WARN  o.e.m.c.i.embedder.EclipseLogger - Using platform encoding (Cp1252 actually) to copy filtered resources, i.e. build is platform dependent!
2020-09-03 00:29:06,021 [Worker-30: Building workspace] INFO  o.e.m.c.i.embedder.EclipseLogger - skip non existing resourceDirectory C:\LMS\lms_wrkspc_sandeep\Leave_Management_System\LmsDtoLibrary\src\main\resources
2020-09-03 00:29:06,021 [Worker-30: Building workspace] WARN  o.e.m.c.i.embedder.EclipseLogger - Using platform encoding (Cp1252 actually) to copy filtered resources, i.e. build is platform dependent!
2020-09-03 00:29:06,022 [Worker-30: Building workspace] INFO  o.e.m.c.i.embedder.EclipseLogger - skip non existing resourceDirectory C:\LMS\lms_wrkspc_sandeep\Leave_Management_System\LmsDtoLibrary\src\test\resources
2020-09-03 00:31:55,821 [Worker-32: Building workspace] WARN  o.e.m.c.i.embedder.EclipseLogger - Using platform encoding (Cp1252 actually) to copy filtered resources, i.e. build is platform dependent!
2020-09-03 00:31:55,822 [Worker-32: Building workspace] INFO  o.e.m.c.i.embedder.EclipseLogger - skip non existing resourceDirectory C:\LMS\lms_wrkspc_sandeep\Leave_Management_System\LmsDtoLibrary\src\main\resources
2020-09-03 00:31:55,828 [Worker-32: Building workspace] WARN  o.e.m.c.i.embedder.EclipseLogger - Using platform encoding (Cp1252 actually) to copy filtered resources, i.e. build is platform dependent!
2020-09-03 00:31:55,830 [Worker-32: Building workspace] INFO  o.e.m.c.i.embedder.EclipseLogger - skip non existing resourceDirectory C:\LMS\lms_wrkspc_sandeep\Leave_Management_System\LmsDtoLibrary\src\test\resources
2020-10-03 13:32:42,776 [Worker-5: Loading available Gradle versions] INFO  o.e.b.c.i.u.g.PublishedGradleVersions - Gradle version information cache is out-of-date. Trying to update.
2020-10-03 14:21:04,300 [Worker-21: Building workspace] INFO  o.e.m.c.i.l.LifecycleMappingFactory - Using org.maven.ide.eclipse.wtp.WarLifecycleMapping lifecycle mapping for MavenProject: com.sandeep.lms.admin:LMSAdmin:0.0.1-SNAPSHOT @ C:\LMS\lms_wrkspc_sandeep\Leave_Management_System\LMSAdmin\pom.xml.
2020-10-03 14:21:05,240 [Worker-21: Building workspace] WARN  o.e.m.c.i.embedder.EclipseLogger - Using platform encoding (Cp1252 actually) to copy filtered resources, i.e. build is platform dependent!
2020-10-03 14:21:05,244 [Worker-21: Building workspace] INFO  o.e.m.c.i.embedder.EclipseLogger - skip non existing resourceDirectory C:\LMS\lms_wrkspc_sandeep\Leave_Management_System\LMSAdmin\src\main\resources
2020-10-03 14:21:05,245 [Worker-21: Building workspace] WARN  o.e.m.c.i.embedder.EclipseLogger - Using platform encoding (Cp1252 actually) to copy filtered resources, i.e. build is platform dependent!
2020-10-03 14:21:05,248 [Worker-21: Building workspace] INFO  o.e.m.c.i.embedder.EclipseLogger - skip non existing resourceDirectory C:\LMS\lms_wrkspc_sandeep\Leave_Management_System\LMSAdmin\src\test\resources
2020-10-03 14:21:05,251 [Worker-21: Building workspace] INFO  o.e.m.w.i.f.ResourceFilteringBuildParticipant - Changed resources require a complete clean of filtered resources of LMSAdmin
2020-10-03 14:21:05,251 [Worker-21: Building workspace] INFO  o.e.m.w.i.f.ResourceFilteringBuildParticipant - Executing resource filtering for LMSAdmin
2020-10-03 14:21:05,256 [Worker-21: Building workspace] WARN  o.e.m.c.i.embedder.EclipseLogger - Using platform encoding (Cp1252 actually) to copy filtered resources, i.e. build is platform dependent!
2020-10-03 14:21:06,594 [Worker-9: Building workspace] INFO  o.e.m.c.i.l.LifecycleMappingFactory - Using org.eclipse.m2e.jdt.JarLifecycleMapping lifecycle mapping for MavenProject: com.sandeep.lms.dto.library:LmsDtoLibrary:0.0.1-SNAPSHOT @ C:\LMS\lms_wrkspc_sandeep\Leave_Management_System\LmsDtoLibrary\pom.xml.
2020-10-03 14:21:06,794 [Worker-9: Building workspace] WARN  o.e.m.c.i.embedder.EclipseLogger - Using platform encoding (Cp1252 actually) to copy filtered resources, i.e. build is platform dependent!
2020-10-03 14:21:06,797 [Worker-9: Building workspace] INFO  o.e.m.c.i.embedder.EclipseLogger - skip non existing resourceDirectory C:\LMS\lms_wrkspc_sandeep\Leave_Management_System\LmsDtoLibrary\src\main\resources
2020-10-03 14:21:06,798 [Worker-9: Building workspace] WARN  o.e.m.c.i.embedder.EclipseLogger - Using platform encoding (Cp1252 actually) to copy filtered resources, i.e. build is platform dependent!
2020-10-03 14:21:06,800 [Worker-9: Building workspace] INFO  o.e.m.c.i.embedder.EclipseLogger - skip non existing resourceDirectory C:\LMS\lms_wrkspc_sandeep\Leave_Management_System\LmsDtoLibrary\src\test\resources
2020-10-03 14:21:07,736 [Worker-23: Building workspace] WARN  o.e.m.c.i.embedder.EclipseLogger - Using platform encoding (Cp1252 actually) to copy filtered resources, i.e. build is platform dependent!
2020-10-03 14:21:07,742 [Worker-23: Building workspace] INFO  o.e.m.c.i.embedder.EclipseLogger - Copying 2 resources
2020-10-03 14:21:07,756 [Worker-23: Building workspace] WARN  o.e.m.c.i.embedder.EclipseLogger - Using platform encoding (Cp1252 actually) to copy filtered resources, i.e. build is platform dependent!
2020-10-03 14:21:07,760 [Worker-23: Building workspace] INFO  o.e.m.c.i.embedder.EclipseLogger - skip non existing resourceDirectory C:\LMS\lms_wrkspc_sandeep\Leave_Management_System\EmpMngSys\src\test\resources
2020-10-03 14:21:08,413 [Worker-23: Building workspace] INFO  o.e.m.c.i.l.LifecycleMappingFactory - Using org.maven.ide.eclipse.wtp.WarLifecycleMapping lifecycle mapping for MavenProject: com.sandeep.lms.ems:EmpMngSys:0.0.1-SNAPSHOT @ C:\LMS\lms_wrkspc_sandeep\Leave_Management_System\EmpMngSys\pom.xml.
2020-10-03 14:21:08,759 [Worker-23: Building workspace] WARN  o.e.m.c.i.embedder.EclipseLogger - Using platform encoding (Cp1252 actually) to copy filtered resources, i.e. build is platform dependent!
2020-10-03 14:21:08,762 [Worker-23: Building workspace] INFO  o.e.m.c.i.embedder.EclipseLogger - Copying 2 resources
2020-10-03 14:21:08,764 [Worker-23: Building workspace] WARN  o.e.m.c.i.embedder.EclipseLogger - Using platform encoding (Cp1252 actually) to copy filtered resources, i.e. build is platform dependent!
2020-10-03 14:21:08,768 [Worker-23: Building workspace] INFO  o.e.m.c.i.embedder.EclipseLogger - skip non existing resourceDirectory C:\LMS\lms_wrkspc_sandeep\Leave_Management_System\EmpMngSys\src\test\resources
2020-10-03 14:21:08,769 [Worker-23: Building workspace] INFO  o.e.m.w.i.f.ResourceFilteringBuildParticipant - Changed resources require a complete clean of filtered resources of EmpMngSys
2020-10-03 14:21:08,769 [Worker-23: Building workspace] INFO  o.e.m.w.i.f.ResourceFilteringBuildParticipant - Executing resource filtering for EmpMngSys
2020-10-03 14:21:08,774 [Worker-23: Building workspace] WARN  o.e.m.c.i.embedder.EclipseLogger - Using platform encoding (Cp1252 actually) to copy filtered resources, i.e. build is platform dependent!
2020-10-03 14:21:11,104 [Worker-19: Building workspace] WARN  o.e.m.c.i.embedder.EclipseLogger - Using platform encoding (Cp1252 actually) to copy filtered resources, i.e. build is platform dependent!
2020-10-03 14:21:11,106 [Worker-19: Building workspace] INFO  o.e.m.c.i.embedder.EclipseLogger - Copying 2 resources
2020-10-03 14:21:11,115 [Worker-19: Building workspace] WARN  o.e.m.c.i.embedder.EclipseLogger - Using platform encoding (Cp1252 actually) to copy filtered resources, i.e. build is platform dependent!
2020-10-03 14:21:11,121 [Worker-19: Building workspace] INFO  o.e.m.c.i.embedder.EclipseLogger - skip non existing resourceDirectory C:\LMS\lms_wrkspc_sandeep\Leave_Management_System\EmpMngSys\src\test\resources
2020-10-03 14:21:11,229 [Worker-19: Building workspace] INFO  o.e.m.c.i.p.WorkspaceClassifierResolverManager - Resolving P/LmsDtoLibrary: com.sandeep.lms.dto.library:LmsDtoLibrary:0.0.1-SNAPSHOT with classifier  to /LmsDtoLibrary/target/classes
2020-10-03 14:21:11,233 [Worker-19: Building workspace] WARN  o.e.m.c.i.embedder.EclipseLogger - Using platform encoding (Cp1252 actually) to copy filtered resources, i.e. build is platform dependent!
2020-10-03 14:21:11,237 [Worker-19: Building workspace] INFO  o.e.m.c.i.embedder.EclipseLogger - skip non existing resourceDirectory C:\LMS\lms_wrkspc_sandeep\Leave_Management_System\ApplyLeavesClient\src\main\resources
2020-10-03 14:21:11,238 [Worker-19: Building workspace] WARN  o.e.m.c.i.embedder.EclipseLogger - Using platform encoding (Cp1252 actually) to copy filtered resources, i.e. build is platform dependent!
2020-10-03 14:21:11,243 [Worker-19: Building workspace] INFO  o.e.m.c.i.embedder.EclipseLogger - skip non existing resourceDirectory C:\LMS\lms_wrkspc_sandeep\Leave_Management_System\ApplyLeavesClient\src\test\resources
2020-10-03 14:21:12,568 [Worker-20: Building workspace] INFO  o.e.m.c.i.l.LifecycleMappingFactory - Using org.maven.ide.eclipse.wtp.WarLifecycleMapping lifecycle mapping for MavenProject: com.sandeep.lms.applyleaves.client:ApplyLeavesClient:0.0.1-SNAPSHOT @ C:\LMS\lms_wrkspc_sandeep\Leave_Management_System\ApplyLeavesClient\pom.xml.
2020-10-03 14:21:12,637 [Worker-20: Building workspace] INFO  o.e.m.c.i.p.WorkspaceClassifierResolverManager - Resolving P/LmsDtoLibrary: com.sandeep.lms.dto.library:LmsDtoLibrary:0.0.1-SNAPSHOT with classifier  to /LmsDtoLibrary/target/classes
2020-10-03 14:21:12,722 [Worker-20: Building workspace] INFO  o.e.m.c.i.p.WorkspaceClassifierResolverManager - Resolving P/LmsDtoLibrary: com.sandeep.lms.dto.library:LmsDtoLibrary:0.0.1-SNAPSHOT with classifier  to /LmsDtoLibrary/target/classes
2020-10-03 14:21:12,743 [Worker-20: Building workspace] INFO  o.e.m.c.i.p.WorkspaceClassifierResolverManager - Resolving P/LmsDtoLibrary: com.sandeep.lms.dto.library:LmsDtoLibrary:0.0.1-SNAPSHOT with classifier  to /LmsDtoLibrary/target/classes
2020-10-03 14:21:12,879 [Worker-20: Building workspace] WARN  o.e.m.c.i.embedder.EclipseLogger - Using platform encoding (Cp1252 actually) to copy filtered resources, i.e. build is platform dependent!
2020-10-03 14:21:12,887 [Worker-20: Building workspace] INFO  o.e.m.c.i.embedder.EclipseLogger - skip non existing resourceDirectory C:\LMS\lms_wrkspc_sandeep\Leave_Management_System\ApplyLeavesClient\src\main\resources
2020-10-03 14:21:12,890 [Worker-20: Building workspace] WARN  o.e.m.c.i.embedder.EclipseLogger - Using platform encoding (Cp1252 actually) to copy filtered resources, i.e. build is platform dependent!
2020-10-03 14:21:12,893 [Worker-20: Building workspace] INFO  o.e.m.c.i.embedder.EclipseLogger - skip non existing resourceDirectory C:\LMS\lms_wrkspc_sandeep\Leave_Management_System\ApplyLeavesClient\src\test\resources
2020-10-03 14:21:12,894 [Worker-20: Building workspace] INFO  o.e.m.w.i.f.ResourceFilteringBuildParticipant - Changed resources require a complete clean of filtered resources of ApplyLeavesClient
2020-10-03 14:21:12,894 [Worker-20: Building workspace] INFO  o.e.m.w.i.f.ResourceFilteringBuildParticipant - Executing resource filtering for ApplyLeavesClient
2020-10-03 14:21:12,908 [Worker-20: Building workspace] WARN  o.e.m.c.i.embedder.EclipseLogger - Using platform encoding (Cp1252 actually) to copy filtered resources, i.e. build is platform dependent!
2020-10-03 14:21:41,601 [Worker-21: Building workspace] WARN  o.e.m.c.i.embedder.EclipseLogger - Using platform encoding (Cp1252 actually) to copy filtered resources, i.e. build is platform dependent!
2020-10-03 14:21:41,604 [Worker-21: Building workspace] INFO  o.e.m.c.i.embedder.EclipseLogger - Copying 0 resource
2020-10-03 14:21:41,605 [Worker-21: Building workspace] WARN  o.e.m.c.i.embedder.EclipseLogger - Using platform encoding (Cp1252 actually) to copy filtered resources, i.e. build is platform dependent!
2020-10-03 14:21:41,608 [Worker-21: Building workspace] INFO  o.e.m.c.i.embedder.EclipseLogger - skip non existing resourceDirectory C:\LMS\lms_wrkspc_sandeep\Leave_Management_System\EmpMngSys\src\test\resources
2020-10-03 14:22:10,938 [Worker-24: Updating Maven Project] INFO  o.e.m.c.i.p.ProjectConfigurationManager - Update started
2020-10-03 14:22:10,969 [Worker-24: Updating Maven Project] INFO  o.e.m.c.i.p.ProjectConfigurationManager - Update completed: 0 sec
2020-10-03 14:22:12,136 [Worker-24: Building workspace] WARN  o.e.m.c.i.embedder.EclipseLogger - Using platform encoding (Cp1252 actually) to copy filtered resources, i.e. build is platform dependent!
2020-10-03 14:22:12,141 [Worker-24: Building workspace] INFO  o.e.m.c.i.embedder.EclipseLogger - Copying 2 resources
2020-10-03 14:22:12,144 [Worker-24: Building workspace] WARN  o.e.m.c.i.embedder.EclipseLogger - Using platform encoding (Cp1252 actually) to copy filtered resources, i.e. build is platform dependent!
2020-10-03 14:22:12,149 [Worker-24: Building workspace] INFO  o.e.m.c.i.embedder.EclipseLogger - skip non existing resourceDirectory C:\LMS\lms_wrkspc_sandeep\Leave_Management_System\EmpMngSys\src\test\resources
2020-10-03 14:22:27,060 [Worker-19: Updating Maven Project] INFO  o.e.m.c.i.p.ProjectConfigurationManager - Update started
2020-10-03 14:22:27,307 [Worker-19: Updating Maven Project] INFO  o.e.m.c.i.l.LifecycleMappingFactory - Using org.maven.ide.eclipse.wtp.WarLifecycleMapping lifecycle mapping for MavenProject: com.sandeep.lms.ems:EmpMngSys:0.0.1-SNAPSHOT @ C:\LMS\lms_wrkspc_sandeep\Leave_Management_System\EmpMngSys\pom.xml.
2020-10-03 14:22:27,660 [Worker-19: Updating Maven Project] INFO  o.e.m.c.i.l.LifecycleMappingFactory - Using org.maven.ide.eclipse.wtp.WarLifecycleMapping lifecycle mapping for MavenProject: com.sandeep.lms.applyleaves.client:ApplyLeavesClient:0.0.1-SNAPSHOT @ C:\LMS\lms_wrkspc_sandeep\Leave_Management_System\ApplyLeavesClient\pom.xml.
2020-10-03 14:22:27,668 [Worker-19: Updating Maven Project] INFO  o.e.m.c.i.p.WorkspaceClassifierResolverManager - Resolving P/LmsDtoLibrary: com.sandeep.lms.dto.library:LmsDtoLibrary:0.0.1-SNAPSHOT with classifier  to /LmsDtoLibrary/target/classes
2020-10-03 14:22:27,698 [Worker-19: Updating Maven Project] INFO  o.e.m.c.i.l.LifecycleMappingFactory - Using org.eclipse.m2e.jdt.JarLifecycleMapping lifecycle mapping for MavenProject: com.sandeep.lms.dto.library:LmsDtoLibrary:0.0.1-SNAPSHOT @ C:\LMS\lms_wrkspc_sandeep\Leave_Management_System\LmsDtoLibrary\pom.xml.
2020-10-03 14:22:28,030 [Worker-19: Updating Maven Project] INFO  o.e.m.c.i.p.WorkspaceClassifierResolverManager - Resolving P/LmsDtoLibrary: com.sandeep.lms.dto.library:LmsDtoLibrary:0.0.1-SNAPSHOT with classifier  to /LmsDtoLibrary/target/classes
2020-10-03 14:22:28,257 [Worker-19: Updating Maven Project] INFO  o.e.m.j.i.AbstractJavaProjectConfigurator - Adding source folder /EmpMngSys/src/main/java
2020-10-03 14:22:28,257 [Worker-19: Updating Maven Project] INFO  o.e.m.j.i.AbstractJavaProjectConfigurator - Adding resource folder /EmpMngSys/src/main/resources
2020-10-03 14:22:28,258 [Worker-19: Updating Maven Project] INFO  o.e.m.j.i.AbstractJavaProjectConfigurator - Adding source folder /EmpMngSys/src/test/java
2020-10-03 14:22:29,008 [Worker-19: Updating Maven Project] INFO  o.e.m.w.i.f.ResourceFilteringBuildParticipant - Cleaning filtered folder for EmpMngSys
2020-10-03 14:22:29,018 [Worker-19: Updating Maven Project] INFO  o.e.m.c.i.p.ProjectConfigurationManager - Update completed: 1 sec
2020-10-03 14:22:29,467 [Worker-22: Building workspace] WARN  o.e.m.c.i.embedder.EclipseLogger - Using platform encoding (Cp1252 actually) to copy filtered resources, i.e. build is platform dependent!
2020-10-03 14:22:29,468 [Worker-22: Building workspace] INFO  o.e.m.c.i.embedder.EclipseLogger - skip non existing resourceDirectory C:\LMS\lms_wrkspc_sandeep\Leave_Management_System\LmsDtoLibrary\src\main\resources
2020-10-03 14:22:29,469 [Worker-22: Building workspace] WARN  o.e.m.c.i.embedder.EclipseLogger - Using platform encoding (Cp1252 actually) to copy filtered resources, i.e. build is platform dependent!
2020-10-03 14:22:29,473 [Worker-22: Building workspace] INFO  o.e.m.c.i.embedder.EclipseLogger - skip non existing resourceDirectory C:\LMS\lms_wrkspc_sandeep\Leave_Management_System\LmsDtoLibrary\src\test\resources
2020-10-03 14:22:29,974 [Worker-20: Building workspace] WARN  o.e.m.c.i.embedder.EclipseLogger - Using platform encoding (Cp1252 actually) to copy filtered resources, i.e. build is platform dependent!
2020-10-03 14:22:29,981 [Worker-20: Building workspace] INFO  o.e.m.c.i.embedder.EclipseLogger - Copying 2 resources
2020-10-03 14:22:29,995 [Worker-20: Building workspace] WARN  o.e.m.c.i.embedder.EclipseLogger - Using platform encoding (Cp1252 actually) to copy filtered resources, i.e. build is platform dependent!
2020-10-03 14:22:30,004 [Worker-20: Building workspace] INFO  o.e.m.c.i.embedder.EclipseLogger - skip non existing resourceDirectory C:\LMS\lms_wrkspc_sandeep\Leave_Management_System\EmpMngSys\src\test\resources
2020-10-03 14:22:30,004 [Worker-20: Building workspace] INFO  o.e.m.w.i.f.ResourceFilteringBuildParticipant - Changed resources require a complete clean of filtered resources of EmpMngSys
2020-10-03 14:22:30,004 [Worker-20: Building workspace] INFO  o.e.m.w.i.f.ResourceFilteringBuildParticipant - Executing resource filtering for EmpMngSys
2020-10-03 14:22:30,010 [Worker-20: Building workspace] WARN  o.e.m.c.i.embedder.EclipseLogger - Using platform encoding (Cp1252 actually) to copy filtered resources, i.e. build is platform dependent!
2020-10-03 14:22:30,496 [Worker-20: Building workspace] INFO  o.e.m.c.i.p.WorkspaceClassifierResolverManager - Resolving P/LmsDtoLibrary: com.sandeep.lms.dto.library:LmsDtoLibrary:0.0.1-SNAPSHOT with classifier  to /LmsDtoLibrary/target/classes
2020-10-03 14:22:30,499 [Worker-20: Building workspace] WARN  o.e.m.c.i.embedder.EclipseLogger - Using platform encoding (Cp1252 actually) to copy filtered resources, i.e. build is platform dependent!
2020-10-03 14:22:30,506 [Worker-20: Building workspace] INFO  o.e.m.c.i.embedder.EclipseLogger - skip non existing resourceDirectory C:\LMS\lms_wrkspc_sandeep\Leave_Management_System\ApplyLeavesClient\src\main\resources
2020-10-03 14:22:30,507 [Worker-20: Building workspace] WARN  o.e.m.c.i.embedder.EclipseLogger - Using platform encoding (Cp1252 actually) to copy filtered resources, i.e. build is platform dependent!
2020-10-03 14:22:30,511 [Worker-20: Building workspace] INFO  o.e.m.c.i.embedder.EclipseLogger - skip non existing resourceDirectory C:\LMS\lms_wrkspc_sandeep\Leave_Management_System\ApplyLeavesClient\src\test\resources
2020-10-03 14:26:04,864 [Worker-17: Building workspace] INFO  o.e.m.c.i.p.WorkspaceClassifierResolverManager - Resolving P/LmsDtoLibrary: com.sandeep.lms.dto.library:LmsDtoLibrary:0.0.1-SNAPSHOT with classifier  to /LmsDtoLibrary/target/classes
2020-10-03 14:26:05,509 [Worker-17: Building workspace] INFO  o.e.m.c.i.embedder.EclipseLogger - Using 'UTF-8' encoding to copy filtered resources.
2020-10-03 14:26:05,511 [Worker-17: Building workspace] INFO  o.e.m.c.i.embedder.EclipseLogger - Copying 1 resource
2020-10-03 14:26:05,524 [Worker-17: Building workspace] INFO  o.e.m.c.i.embedder.EclipseLogger - Copying 1 resource
2020-10-03 14:26:05,535 [Worker-17: Building workspace] INFO  o.e.m.c.i.embedder.EclipseLogger - Using 'UTF-8' encoding to copy filtered resources.
2020-10-03 14:26:05,535 [Worker-17: Building workspace] INFO  o.e.m.c.i.embedder.EclipseLogger - skip non existing resourceDirectory C:\LMS\lms_wrkspc_sandeep\Leave_Management_System\LMSCore\src\test\resources
2020-10-03 14:26:06,276 [Worker-17: Building workspace] INFO  o.e.m.c.i.l.LifecycleMappingFactory - Using NULL lifecycle mapping for MavenProject: com.sandeep.lms.dto:LmsDependency:0.0.1-SNAPSHOT @ C:\LMS\lms_wrkspc_sandeep\Leave_Management_System\LmsDependency\pom.xml.
2020-10-03 14:26:07,012 [Worker-17: Building workspace] INFO  o.e.m.c.i.l.LifecycleMappingFactory - Using org.eclipse.m2e.jdt.JarLifecycleMapping lifecycle mapping for MavenProject: com.sandeep.lms.core:LMSCore:0.0.1-SNAPSHOT @ C:\LMS\lms_wrkspc_sandeep\Leave_Management_System\LMSCore\pom.xml.
2020-10-03 14:26:07,344 [Worker-17: Building workspace] INFO  o.e.m.c.i.p.WorkspaceClassifierResolverManager - Resolving P/LmsDtoLibrary: com.sandeep.lms.dto.library:LmsDtoLibrary:0.0.1-SNAPSHOT with classifier  to /LmsDtoLibrary/target/classes
2020-10-03 14:26:07,997 [Worker-17: Building workspace] INFO  o.e.m.c.i.embedder.EclipseLogger - Using 'UTF-8' encoding to copy filtered resources.
2020-10-03 14:26:08,001 [Worker-17: Building workspace] INFO  o.e.m.c.i.embedder.EclipseLogger - Copying 0 resource
2020-10-03 14:26:08,001 [Worker-17: Building workspace] INFO  o.e.m.c.i.embedder.EclipseLogger - Copying 0 resource
2020-10-03 14:26:08,004 [Worker-17: Building workspace] INFO  o.e.m.c.i.embedder.EclipseLogger - Using 'UTF-8' encoding to copy filtered resources.
2020-10-03 14:26:08,004 [Worker-17: Building workspace] INFO  o.e.m.c.i.embedder.EclipseLogger - skip non existing resourceDirectory C:\LMS\lms_wrkspc_sandeep\Leave_Management_System\LMSCore\src\test\resources
2020-10-03 14:26:23,457 [Worker-25: Building workspace] INFO  o.e.m.c.i.l.LifecycleMappingFactory - Using org.maven.ide.eclipse.wtp.WarLifecycleMapping lifecycle mapping for MavenProject: com.sandeep.lms.ems:EmpMngSys:0.0.1-SNAPSHOT @ C:\LMS\lms_wrkspc_sandeep\Leave_Management_System\EmpMngSys\pom.xml.
2020-10-03 14:26:23,544 [Worker-25: Building workspace] INFO  o.e.m.c.i.p.WorkspaceClassifierResolverManager - Resolving P/LmsDtoLibrary: com.sandeep.lms.dto.library:LmsDtoLibrary:0.0.1-SNAPSHOT with classifier  to /LmsDtoLibrary/target/classes
2020-10-03 14:26:23,632 [Worker-25: Building workspace] INFO  o.e.m.c.i.p.WorkspaceClassifierResolverManager - Resolving P/LmsDtoLibrary: com.sandeep.lms.dto.library:LmsDtoLibrary:0.0.1-SNAPSHOT with classifier  to /LmsDtoLibrary/target/classes
2020-10-03 14:26:23,892 [Worker-25: Building workspace] INFO  o.e.m.c.i.p.WorkspaceClassifierResolverManager - Resolving P/LmsDtoLibrary: com.sandeep.lms.dto.library:LmsDtoLibrary:0.0.1-SNAPSHOT with classifier  to /LmsDtoLibrary/target/classes
2020-10-03 14:26:24,086 [Worker-25: Building workspace] WARN  o.e.m.c.i.embedder.EclipseLogger - Using platform encoding (Cp1252 actually) to copy filtered resources, i.e. build is platform dependent!
2020-10-03 14:26:24,093 [Worker-25: Building workspace] INFO  o.e.m.c.i.embedder.EclipseLogger - Copying 0 resource
2020-10-03 14:26:24,095 [Worker-25: Building workspace] WARN  o.e.m.c.i.embedder.EclipseLogger - Using platform encoding (Cp1252 actually) to copy filtered resources, i.e. build is platform dependent!
2020-10-03 14:26:24,099 [Worker-25: Building workspace] INFO  o.e.m.c.i.embedder.EclipseLogger - skip non existing resourceDirectory C:\LMS\lms_wrkspc_sandeep\Leave_Management_System\EmpMngSys\src\test\resources
2020-10-03 14:26:24,099 [Worker-25: Building workspace] INFO  o.e.m.w.i.f.ResourceFilteringBuildParticipant - Changed resources require a complete clean of filtered resources of EmpMngSys
2020-10-03 14:26:24,099 [Worker-25: Building workspace] INFO  o.e.m.w.i.f.ResourceFilteringBuildParticipant - Executing resource filtering for EmpMngSys
2020-10-03 14:26:24,102 [Worker-25: Building workspace] WARN  o.e.m.c.i.embedder.EclipseLogger - Using platform encoding (Cp1252 actually) to copy filtered resources, i.e. build is platform dependent!
2020-10-03 14:26:25,382 [Worker-26: Building workspace] INFO  o.e.m.c.i.p.WorkspaceClassifierResolverManager - Resolving P/LmsDtoLibrary: com.sandeep.lms.dto.library:LmsDtoLibrary:0.0.1-SNAPSHOT with classifier  to /LmsDtoLibrary/target/classes
2020-10-03 14:26:25,386 [Worker-26: Building workspace] WARN  o.e.m.c.i.embedder.EclipseLogger - Using platform encoding (Cp1252 actually) to copy filtered resources, i.e. build is platform dependent!
2020-10-03 14:26:25,388 [Worker-26: Building workspace] INFO  o.e.m.c.i.embedder.EclipseLogger - Copying 0 resource
2020-10-03 14:26:25,390 [Worker-26: Building workspace] WARN  o.e.m.c.i.embedder.EclipseLogger - Using platform encoding (Cp1252 actually) to copy filtered resources, i.e. build is platform dependent!
2020-10-03 14:26:25,395 [Worker-26: Building workspace] INFO  o.e.m.c.i.embedder.EclipseLogger - skip non existing resourceDirectory C:\LMS\lms_wrkspc_sandeep\Leave_Management_System\EmpMngSys\src\test\resources
2020-10-03 14:26:31,909 [Worker-28: Building workspace] INFO  o.e.m.c.i.l.LifecycleMappingFactory - Using org.maven.ide.eclipse.wtp.WarLifecycleMapping lifecycle mapping for MavenProject: com.sandeep.lms.ems:EmpMngSys:0.0.1-SNAPSHOT @ C:\LMS\lms_wrkspc_sandeep\Leave_Management_System\EmpMngSys\pom.xml.
2020-10-03 14:26:31,988 [Worker-28: Building workspace] INFO  o.e.m.c.i.p.WorkspaceClassifierResolverManager - Resolving P/LmsDtoLibrary: com.sandeep.lms.dto.library:LmsDtoLibrary:0.0.1-SNAPSHOT with classifier  to /LmsDtoLibrary/target/classes
2020-10-03 14:26:32,282 [Worker-28: Building workspace] INFO  o.e.m.c.i.p.WorkspaceClassifierResolverManager - Resolving P/LmsDtoLibrary: com.sandeep.lms.dto.library:LmsDtoLibrary:0.0.1-SNAPSHOT with classifier  to /LmsDtoLibrary/target/classes
2020-10-03 14:26:32,400 [Worker-28: Building workspace] WARN  o.e.m.c.i.embedder.EclipseLogger - Using platform encoding (Cp1252 actually) to copy filtered resources, i.e. build is platform dependent!
2020-10-03 14:26:32,405 [Worker-28: Building workspace] INFO  o.e.m.c.i.embedder.EclipseLogger - Copying 0 resource
2020-10-03 14:26:32,407 [Worker-28: Building workspace] WARN  o.e.m.c.i.embedder.EclipseLogger - Using platform encoding (Cp1252 actually) to copy filtered resources, i.e. build is platform dependent!
2020-10-03 14:26:32,410 [Worker-28: Building workspace] INFO  o.e.m.c.i.embedder.EclipseLogger - skip non existing resourceDirectory C:\LMS\lms_wrkspc_sandeep\Leave_Management_System\EmpMngSys\src\test\resources
2020-10-03 14:26:32,410 [Worker-28: Building workspace] INFO  o.e.m.w.i.f.ResourceFilteringBuildParticipant - Changed resources require a complete clean of filtered resources of EmpMngSys
2020-10-03 14:26:32,410 [Worker-28: Building workspace] INFO  o.e.m.w.i.f.ResourceFilteringBuildParticipant - Executing resource filtering for EmpMngSys
2020-10-03 14:26:32,413 [Worker-28: Building workspace] WARN  o.e.m.c.i.embedder.EclipseLogger - Using platform encoding (Cp1252 actually) to copy filtered resources, i.e. build is platform dependent!
2020-10-03 14:27:14,368 [Worker-17: reload maven project] INFO  o.e.m.c.i.p.WorkspaceClassifierResolverManager - Resolving P/LmsDtoLibrary: com.sandeep.lms.dto.library:LmsDtoLibrary:0.0.1-SNAPSHOT with classifier  to /LmsDtoLibrary/target/classes
2020-10-03 14:27:14,528 [Worker-17: Building workspace] INFO  o.e.m.c.i.l.LifecycleMappingFactory - Using org.maven.ide.eclipse.wtp.WarLifecycleMapping lifecycle mapping for MavenProject: com.sandeep.lms.ems:EmpMngSys:0.0.1-SNAPSHOT @ C:\LMS\lms_wrkspc_sandeep\Leave_Management_System\EmpMngSys\pom.xml.
2020-10-03 14:27:14,582 [Worker-17: Building workspace] INFO  o.e.m.c.i.p.WorkspaceClassifierResolverManager - Resolving P/LmsDtoLibrary: com.sandeep.lms.dto.library:LmsDtoLibrary:0.0.1-SNAPSHOT with classifier  to /LmsDtoLibrary/target/classes
2020-10-03 14:27:14,860 [Worker-17: Building workspace] INFO  o.e.m.c.i.p.WorkspaceClassifierResolverManager - Resolving P/LmsDtoLibrary: com.sandeep.lms.dto.library:LmsDtoLibrary:0.0.1-SNAPSHOT with classifier  to /LmsDtoLibrary/target/classes
2020-10-03 14:27:14,962 [Worker-17: Building workspace] WARN  o.e.m.c.i.embedder.EclipseLogger - Using platform encoding (Cp1252 actually) to copy filtered resources, i.e. build is platform dependent!
2020-10-03 14:27:14,968 [Worker-17: Building workspace] INFO  o.e.m.c.i.embedder.EclipseLogger - Copying 0 resource
2020-10-03 14:27:14,969 [Worker-17: Building workspace] WARN  o.e.m.c.i.embedder.EclipseLogger - Using platform encoding (Cp1252 actually) to copy filtered resources, i.e. build is platform dependent!
2020-10-03 14:27:14,973 [Worker-17: Building workspace] INFO  o.e.m.c.i.embedder.EclipseLogger - skip non existing resourceDirectory C:\LMS\lms_wrkspc_sandeep\Leave_Management_System\EmpMngSys\src\test\resources
2020-10-03 14:27:14,973 [Worker-17: Building workspace] INFO  o.e.m.w.i.f.ResourceFilteringBuildParticipant - Changed resources require a complete clean of filtered resources of EmpMngSys
2020-10-03 14:27:14,973 [Worker-17: Building workspace] INFO  o.e.m.w.i.f.ResourceFilteringBuildParticipant - Executing resource filtering for EmpMngSys
2020-10-03 14:27:14,976 [Worker-17: Building workspace] WARN  o.e.m.c.i.embedder.EclipseLogger - Using platform encoding (Cp1252 actually) to copy filtered resources, i.e. build is platform dependent!
2020-10-03 14:27:34,283 [Worker-28: reload maven project] INFO  o.e.m.c.i.p.WorkspaceClassifierResolverManager - Resolving P/LmsDtoLibrary: com.sandeep.lms.dto.library:LmsDtoLibrary:0.0.1-SNAPSHOT with classifier  to /LmsDtoLibrary/target/classes
2020-10-03 14:27:34,426 [Worker-26: Building workspace] INFO  o.e.m.c.i.l.LifecycleMappingFactory - Using org.maven.ide.eclipse.wtp.WarLifecycleMapping lifecycle mapping for MavenProject: com.sandeep.lms.ems:EmpMngSys:0.0.1-SNAPSHOT @ C:\LMS\lms_wrkspc_sandeep\Leave_Management_System\EmpMngSys\pom.xml.
2020-10-03 14:27:34,467 [Worker-26: Building workspace] INFO  o.e.m.c.i.p.WorkspaceClassifierResolverManager - Resolving P/LmsDtoLibrary: com.sandeep.lms.dto.library:LmsDtoLibrary:0.0.1-SNAPSHOT with classifier  to /LmsDtoLibrary/target/classes
2020-10-03 14:27:34,695 [Worker-26: Building workspace] INFO  o.e.m.c.i.p.WorkspaceClassifierResolverManager - Resolving P/LmsDtoLibrary: com.sandeep.lms.dto.library:LmsDtoLibrary:0.0.1-SNAPSHOT with classifier  to /LmsDtoLibrary/target/classes
2020-10-03 14:27:34,798 [Worker-26: Building workspace] WARN  o.e.m.c.i.embedder.EclipseLogger - Using platform encoding (Cp1252 actually) to copy filtered resources, i.e. build is platform dependent!
2020-10-03 14:27:34,803 [Worker-26: Building workspace] INFO  o.e.m.c.i.embedder.EclipseLogger - Copying 0 resource
2020-10-03 14:27:34,805 [Worker-26: Building workspace] WARN  o.e.m.c.i.embedder.EclipseLogger - Using platform encoding (Cp1252 actually) to copy filtered resources, i.e. build is platform dependent!
2020-10-03 14:27:34,808 [Worker-26: Building workspace] INFO  o.e.m.c.i.embedder.EclipseLogger - skip non existing resourceDirectory C:\LMS\lms_wrkspc_sandeep\Leave_Management_System\EmpMngSys\src\test\resources
2020-10-03 14:27:34,808 [Worker-26: Building workspace] INFO  o.e.m.w.i.f.ResourceFilteringBuildParticipant - Changed resources require a complete clean of filtered resources of EmpMngSys
2020-10-03 14:27:34,809 [Worker-26: Building workspace] INFO  o.e.m.w.i.f.ResourceFilteringBuildParticipant - Executing resource filtering for EmpMngSys
2020-10-03 14:27:34,812 [Worker-26: Building workspace] WARN  o.e.m.c.i.embedder.EclipseLogger - Using platform encoding (Cp1252 actually) to copy filtered resources, i.e. build is platform dependent!
2020-10-03 14:27:54,126 [Worker-28: Launching Executing clean in C__LMS_lms_wrkspc_sandeep_Leave_Management_System_EmpMngSys] INFO  o.e.m.i.launch.MavenLaunchDelegate - C:\LMS\lms_wrkspc_sandeep\Leave_Management_System\EmpMngSys
2020-10-03 14:27:54,126 [Worker-28: Launching Executing clean in C__LMS_lms_wrkspc_sandeep_Leave_Management_System_EmpMngSys] INFO  o.e.m.i.launch.MavenLaunchDelegate -  mvn -B clean -Dstyle.color=always
2020-10-03 14:27:56,669 [Worker-26: Building workspace] INFO  o.e.m.c.i.p.WorkspaceClassifierResolverManager - Resolving P/LmsDtoLibrary: com.sandeep.lms.dto.library:LmsDtoLibrary:0.0.1-SNAPSHOT with classifier  to /LmsDtoLibrary/target/classes
2020-10-03 14:27:56,845 [Worker-26: Building workspace] WARN  o.e.m.c.i.embedder.EclipseLogger - Using platform encoding (Cp1252 actually) to copy filtered resources, i.e. build is platform dependent!
2020-10-03 14:27:56,852 [Worker-26: Building workspace] INFO  o.e.m.c.i.embedder.EclipseLogger - Copying 2 resources
2020-10-03 14:27:56,868 [Worker-26: Building workspace] WARN  o.e.m.c.i.embedder.EclipseLogger - Using platform encoding (Cp1252 actually) to copy filtered resources, i.e. build is platform dependent!
2020-10-03 14:27:56,873 [Worker-26: Building workspace] INFO  o.e.m.c.i.embedder.EclipseLogger - skip non existing resourceDirectory C:\LMS\lms_wrkspc_sandeep\Leave_Management_System\EmpMngSys\src\test\resources
2020-10-03 14:27:56,873 [Worker-26: Building workspace] INFO  o.e.m.w.i.f.ResourceFilteringBuildParticipant - Changed resources require a complete clean of filtered resources of EmpMngSys
2020-10-03 14:27:56,873 [Worker-26: Building workspace] INFO  o.e.m.w.i.f.ResourceFilteringBuildParticipant - Executing resource filtering for EmpMngSys
2020-10-03 14:27:56,877 [Worker-26: Building workspace] WARN  o.e.m.c.i.embedder.EclipseLogger - Using platform encoding (Cp1252 actually) to copy filtered resources, i.e. build is platform dependent!
2020-10-03 14:28:08,550 [Worker-25: Updating Maven Project] INFO  o.e.m.c.i.p.ProjectConfigurationManager - Update started
2020-10-03 14:28:08,692 [Worker-25: Updating Maven Project] INFO  o.e.m.c.i.l.LifecycleMappingFactory - Using org.maven.ide.eclipse.wtp.WarLifecycleMapping lifecycle mapping for MavenProject: com.sandeep.lms.ems:EmpMngSys:0.0.1-SNAPSHOT @ C:\LMS\lms_wrkspc_sandeep\Leave_Management_System\EmpMngSys\pom.xml.
2020-10-03 14:28:08,740 [Worker-25: Updating Maven Project] INFO  o.e.m.c.i.p.WorkspaceClassifierResolverManager - Resolving P/LmsDtoLibrary: com.sandeep.lms.dto.library:LmsDtoLibrary:0.0.1-SNAPSHOT with classifier  to /LmsDtoLibrary/target/classes
2020-10-03 14:28:08,969 [Worker-25: Updating Maven Project] INFO  o.e.m.c.i.p.WorkspaceClassifierResolverManager - Resolving P/LmsDtoLibrary: com.sandeep.lms.dto.library:LmsDtoLibrary:0.0.1-SNAPSHOT with classifier  to /LmsDtoLibrary/target/classes
2020-10-03 14:28:09,144 [Worker-25: Updating Maven Project] INFO  o.e.m.j.i.AbstractJavaProjectConfigurator - Adding source folder /EmpMngSys/src/main/java
2020-10-03 14:28:09,144 [Worker-25: Updating Maven Project] INFO  o.e.m.j.i.AbstractJavaProjectConfigurator - Adding resource folder /EmpMngSys/src/main/resources
2020-10-03 14:28:09,144 [Worker-25: Updating Maven Project] INFO  o.e.m.j.i.AbstractJavaProjectConfigurator - Adding source folder /EmpMngSys/src/test/java
2020-10-03 14:28:09,425 [Worker-25: Updating Maven Project] INFO  o.e.m.w.i.f.ResourceFilteringBuildParticipant - Cleaning filtered folder for EmpMngSys
2020-10-03 14:28:09,433 [Worker-25: Updating Maven Project] INFO  o.e.m.c.i.p.ProjectConfigurationManager - Update completed: 0 sec
2020-10-03 14:28:09,857 [Worker-26: Building workspace] INFO  o.e.m.c.i.p.WorkspaceClassifierResolverManager - Resolving P/LmsDtoLibrary: com.sandeep.lms.dto.library:LmsDtoLibrary:0.0.1-SNAPSHOT with classifier  to /LmsDtoLibrary/target/classes
2020-10-03 14:28:10,010 [Worker-26: Building workspace] WARN  o.e.m.c.i.embedder.EclipseLogger - Using platform encoding (Cp1252 actually) to copy filtered resources, i.e. build is platform dependent!
2020-10-03 14:28:10,014 [Worker-26: Building workspace] INFO  o.e.m.c.i.embedder.EclipseLogger - Copying 2 resources
2020-10-03 14:28:10,023 [Worker-26: Building workspace] WARN  o.e.m.c.i.embedder.EclipseLogger - Using platform encoding (Cp1252 actually) to copy filtered resources, i.e. build is platform dependent!
2020-10-03 14:28:10,027 [Worker-26: Building workspace] INFO  o.e.m.c.i.embedder.EclipseLogger - skip non existing resourceDirectory C:\LMS\lms_wrkspc_sandeep\Leave_Management_System\EmpMngSys\src\test\resources
2020-10-03 14:28:10,027 [Worker-26: Building workspace] INFO  o.e.m.w.i.f.ResourceFilteringBuildParticipant - Changed resources require a complete clean of filtered resources of EmpMngSys
2020-10-03 14:28:10,027 [Worker-26: Building workspace] INFO  o.e.m.w.i.f.ResourceFilteringBuildParticipant - Executing resource filtering for EmpMngSys
2020-10-03 14:28:10,031 [Worker-26: Building workspace] WARN  o.e.m.c.i.embedder.EclipseLogger - Using platform encoding (Cp1252 actually) to copy filtered resources, i.e. build is platform dependent!
2020-10-03 14:31:02,974 [Worker-29: Building workspace] INFO  o.e.m.c.i.p.WorkspaceClassifierResolverManager - Resolving P/LmsDtoLibrary: com.sandeep.lms.dto.library:LmsDtoLibrary:0.0.1-SNAPSHOT with classifier  to /LmsDtoLibrary/target/classes
2020-10-03 14:31:02,986 [Worker-29: Building workspace] INFO  o.e.m.c.i.embedder.EclipseLogger - Using 'UTF-8' encoding to copy filtered resources.
2020-10-03 14:31:02,987 [Worker-29: Building workspace] INFO  o.e.m.c.i.embedder.EclipseLogger - Copying 1 resource
2020-10-03 14:31:03,002 [Worker-29: Building workspace] INFO  o.e.m.c.i.embedder.EclipseLogger - Copying 1 resource
2020-10-03 14:31:03,005 [Worker-29: Building workspace] INFO  o.e.m.c.i.embedder.EclipseLogger - Using 'UTF-8' encoding to copy filtered resources.
2020-10-03 14:31:03,006 [Worker-29: Building workspace] INFO  o.e.m.c.i.embedder.EclipseLogger - skip non existing resourceDirectory C:\LMS\lms_wrkspc_sandeep\Leave_Management_System\LMSCore\src\test\resources
2020-10-03 14:31:03,832 [Worker-25: Building workspace] INFO  o.e.m.c.i.p.WorkspaceClassifierResolverManager - Resolving P/LmsDtoLibrary: com.sandeep.lms.dto.library:LmsDtoLibrary:0.0.1-SNAPSHOT with classifier  to /LmsDtoLibrary/target/classes
2020-10-03 14:31:03,991 [Worker-25: Building workspace] WARN  o.e.m.c.i.embedder.EclipseLogger - Using platform encoding (Cp1252 actually) to copy filtered resources, i.e. build is platform dependent!
2020-10-03 14:31:03,995 [Worker-25: Building workspace] INFO  o.e.m.c.i.embedder.EclipseLogger - skip non existing resourceDirectory C:\LMS\lms_wrkspc_sandeep\Leave_Management_System\ApplyLeavesClient\src\main\resources
2020-10-04 18:32:48,266 [Worker-6: Loading available Gradle versions] INFO  o.e.b.c.i.u.g.PublishedGradleVersions - Gradle version information cache is out-of-date. Trying to update.
2020-10-04 18:32:49,768 [Worker-11: reload maven project] INFO  o.e.m.c.i.p.WorkspaceClassifierResolverManager - Resolving P/LmsDtoLibrary: com.sandeep.lms.dto.library:LmsDtoLibrary:0.0.1-SNAPSHOT with classifier  to /LmsDtoLibrary/target/classes
2020-10-04 18:33:06,831 [Worker-1: Building workspace] INFO  o.e.m.c.i.l.LifecycleMappingFactory - Using org.eclipse.m2e.jdt.JarLifecycleMapping lifecycle mapping for MavenProject: com.sandeep.lms.core:LMSCore:0.0.1-SNAPSHOT @ C:\LMS\lms_wrkspc_sandeep\Leave_Management_System\LMSAdmin\pom.xml.
2020-10-04 18:33:07,935 [Worker-1: Building workspace] INFO  o.e.m.c.i.p.WorkspaceClassifierResolverManager - Resolving P/LmsDtoLibrary: com.sandeep.lms.dto.library:LmsDtoLibrary:0.0.1-SNAPSHOT with classifier  to /LmsDtoLibrary/target/classes
2020-10-04 18:33:08,454 [Worker-1: Building workspace] INFO  o.e.m.c.i.p.WorkspaceClassifierResolverManager - Resolving P/LmsDtoLibrary: com.sandeep.lms.dto.library:LmsDtoLibrary:0.0.1-SNAPSHOT with classifier  to /LmsDtoLibrary/target/classes
2020-10-04 18:33:09,523 [Worker-1: Building workspace] INFO  o.e.m.c.i.embedder.EclipseLogger - Using 'UTF-8' encoding to copy filtered resources.
2020-10-04 18:33:09,533 [Worker-1: Building workspace] INFO  o.e.m.c.i.embedder.EclipseLogger - Copying 1 resource
2020-10-04 18:33:09,568 [Worker-1: Building workspace] INFO  o.e.m.c.i.embedder.EclipseLogger - Copying 1 resource
2020-10-04 18:33:09,575 [Worker-1: Building workspace] INFO  o.e.m.c.i.embedder.EclipseLogger - Using 'UTF-8' encoding to copy filtered resources.
2020-10-04 18:33:09,576 [Worker-1: Building workspace] INFO  o.e.m.c.i.embedder.EclipseLogger - skip non existing resourceDirectory C:\LMS\lms_wrkspc_sandeep\Leave_Management_System\LMSAdmin\src\test\resources
2020-10-04 18:33:12,541 [Worker-4: Building workspace] INFO  o.e.m.c.i.p.WorkspaceClassifierResolverManager - Resolving P/LmsDtoLibrary: com.sandeep.lms.dto.library:LmsDtoLibrary:0.0.1-SNAPSHOT with classifier  to /LmsDtoLibrary/target/classes
2020-10-04 18:33:12,564 [Worker-4: Building workspace] INFO  o.e.m.c.i.embedder.EclipseLogger - Using 'UTF-8' encoding to copy filtered resources.
2020-10-04 18:33:12,566 [Worker-4: Building workspace] INFO  o.e.m.c.i.embedder.EclipseLogger - Copying 0 resource
2020-10-04 18:33:12,567 [Worker-4: Building workspace] INFO  o.e.m.c.i.embedder.EclipseLogger - Copying 0 resource
2020-10-04 18:33:12,569 [Worker-4: Building workspace] INFO  o.e.m.c.i.embedder.EclipseLogger - Using 'UTF-8' encoding to copy filtered resources.
2020-10-04 18:33:12,569 [Worker-4: Building workspace] INFO  o.e.m.c.i.embedder.EclipseLogger - skip non existing resourceDirectory C:\LMS\lms_wrkspc_sandeep\Leave_Management_System\LMSAdmin\src\test\resources
2020-10-04 18:33:15,132 [Worker-13: Building workspace] INFO  o.e.m.c.i.l.LifecycleMappingFactory - Using org.eclipse.m2e.jdt.JarLifecycleMapping lifecycle mapping for MavenProject: com.sandeep.lms.dto.library:LmsDtoLibrary:0.0.1-SNAPSHOT @ C:\LMS\lms_wrkspc_sandeep\Leave_Management_System\LmsDtoLibrary\pom.xml.
2020-10-04 18:33:15,783 [Worker-13: Building workspace] WARN  o.e.m.c.i.embedder.EclipseLogger - Using platform encoding (Cp1252 actually) to copy filtered resources, i.e. build is platform dependent!
2020-10-04 18:33:15,791 [Worker-13: Building workspace] INFO  o.e.m.c.i.embedder.EclipseLogger - skip non existing resourceDirectory C:\LMS\lms_wrkspc_sandeep\Leave_Management_System\LmsDtoLibrary\src\main\resources
2020-10-04 18:33:15,795 [Worker-13: Building workspace] WARN  o.e.m.c.i.embedder.EclipseLogger - Using platform encoding (Cp1252 actually) to copy filtered resources, i.e. build is platform dependent!
2020-10-04 18:33:15,805 [Worker-13: Building workspace] INFO  o.e.m.c.i.embedder.EclipseLogger - skip non existing resourceDirectory C:\LMS\lms_wrkspc_sandeep\Leave_Management_System\LmsDtoLibrary\src\test\resources
2020-10-04 18:33:16,731 [Worker-13: Building workspace] INFO  o.e.m.c.i.l.LifecycleMappingFactory - Using org.maven.ide.eclipse.wtp.WarLifecycleMapping lifecycle mapping for MavenProject: com.sandeep.lms.ems:EmpMngSys:0.0.1-SNAPSHOT @ C:\LMS\lms_wrkspc_sandeep\Leave_Management_System\EmpMngSys\pom.xml.
2020-10-04 18:33:16,990 [Worker-13: Building workspace] INFO  o.e.m.c.i.p.WorkspaceClassifierResolverManager - Resolving P/LmsDtoLibrary: com.sandeep.lms.dto.library:LmsDtoLibrary:0.0.1-SNAPSHOT with classifier  to /LmsDtoLibrary/target/classes
2020-10-04 18:33:17,283 [Worker-13: Building workspace] INFO  o.e.m.c.i.p.WorkspaceClassifierResolverManager - Resolving P/LmsDtoLibrary: com.sandeep.lms.dto.library:LmsDtoLibrary:0.0.1-SNAPSHOT with classifier  to /LmsDtoLibrary/target/classes
2020-10-04 18:33:17,929 [Worker-13: Building workspace] INFO  o.e.m.c.i.p.WorkspaceClassifierResolverManager - Resolving P/LmsDtoLibrary: com.sandeep.lms.dto.library:LmsDtoLibrary:0.0.1-SNAPSHOT with classifier  to /LmsDtoLibrary/target/classes
2020-10-04 18:33:18,199 [Worker-13: Building workspace] WARN  o.e.m.c.i.embedder.EclipseLogger - Using platform encoding (Cp1252 actually) to copy filtered resources, i.e. build is platform dependent!
2020-10-04 18:33:18,209 [Worker-13: Building workspace] INFO  o.e.m.c.i.embedder.EclipseLogger - Copying 2 resources
2020-10-04 18:33:18,222 [Worker-13: Building workspace] WARN  o.e.m.c.i.embedder.EclipseLogger - Using platform encoding (Cp1252 actually) to copy filtered resources, i.e. build is platform dependent!
2020-10-04 18:33:18,235 [Worker-13: Building workspace] INFO  o.e.m.c.i.embedder.EclipseLogger - skip non existing resourceDirectory C:\LMS\lms_wrkspc_sandeep\Leave_Management_System\EmpMngSys\src\test\resources
2020-10-04 18:33:20,084 [Worker-13: Building workspace] INFO  o.e.m.c.i.l.LifecycleMappingFactory - Using org.maven.ide.eclipse.wtp.WarLifecycleMapping lifecycle mapping for MavenProject: com.sandeep.lms.applyleaves.client:ApplyLeavesClient:0.0.1-SNAPSHOT @ C:\LMS\lms_wrkspc_sandeep\Leave_Management_System\ApplyLeavesClient\pom.xml.
2020-10-04 18:33:20,269 [Worker-13: Building workspace] INFO  o.e.m.c.i.p.WorkspaceClassifierResolverManager - Resolving P/LmsDtoLibrary: com.sandeep.lms.dto.library:LmsDtoLibrary:0.0.1-SNAPSHOT with classifier  to /LmsDtoLibrary/target/classes
2020-10-04 18:33:20,603 [Worker-13: Building workspace] INFO  o.e.m.c.i.p.WorkspaceClassifierResolverManager - Resolving P/LmsDtoLibrary: com.sandeep.lms.dto.library:LmsDtoLibrary:0.0.1-SNAPSHOT with classifier  to /LmsDtoLibrary/target/classes
2020-10-04 18:33:20,657 [Worker-13: Building workspace] INFO  o.e.m.c.i.p.WorkspaceClassifierResolverManager - Resolving P/LmsDtoLibrary: com.sandeep.lms.dto.library:LmsDtoLibrary:0.0.1-SNAPSHOT with classifier  to /LmsDtoLibrary/target/classes
2020-10-04 18:33:20,926 [Worker-13: Building workspace] WARN  o.e.m.c.i.embedder.EclipseLogger - Using platform encoding (Cp1252 actually) to copy filtered resources, i.e. build is platform dependent!
2020-10-04 18:33:20,933 [Worker-13: Building workspace] INFO  o.e.m.c.i.embedder.EclipseLogger - skip non existing resourceDirectory C:\LMS\lms_wrkspc_sandeep\Leave_Management_System\ApplyLeavesClient\src\main\resources
2020-10-04 18:33:20,935 [Worker-13: Building workspace] WARN  o.e.m.c.i.embedder.EclipseLogger - Using platform encoding (Cp1252 actually) to copy filtered resources, i.e. build is platform dependent!
2020-10-04 18:33:20,942 [Worker-13: Building workspace] INFO  o.e.m.c.i.embedder.EclipseLogger - skip non existing resourceDirectory C:\LMS\lms_wrkspc_sandeep\Leave_Management_System\ApplyLeavesClient\src\test\resources
2020-10-04 18:33:24,437 [Worker-8: Building workspace] INFO  o.e.m.c.i.p.WorkspaceClassifierResolverManager - Resolving P/LmsDtoLibrary: com.sandeep.lms.dto.library:LmsDtoLibrary:0.0.1-SNAPSHOT with classifier  to /LmsDtoLibrary/target/classes
2020-10-04 18:33:24,448 [Worker-8: Building workspace] WARN  o.e.m.c.i.embedder.EclipseLogger - Using platform encoding (Cp1252 actually) to copy filtered resources, i.e. build is platform dependent!
2020-10-04 18:33:24,460 [Worker-8: Building workspace] INFO  o.e.m.c.i.embedder.EclipseLogger - skip non existing resourceDirectory C:\LMS\lms_wrkspc_sandeep\Leave_Management_System\ApplyLeavesClient\src\main\resources
2020-10-04 18:33:24,463 [Worker-8: Building workspace] WARN  o.e.m.c.i.embedder.EclipseLogger - Using platform encoding (Cp1252 actually) to copy filtered resources, i.e. build is platform dependent!
